#
# There is insufficient memory for the Java Runtime Environment to continue.
# Native memory allocation (mmap) failed to map 33554432 bytes. Error detail: G1 virtual space
# Possible reasons:
#   The system is out of physical RAM or swap space
#   This process is running with CompressedOops enabled, and the Java Heap may be blocking the growth of the native heap
# Possible solutions:
#   Reduce memory load on the system
#   Increase physical memory or swap space
#   Check if swap backing store is full
#   Decrease Java heap size (-Xmx/-Xms)
#   Decrease number of Java threads
#   Decrease Java thread stack sizes (-Xss)
#   Set larger code cache with -XX:ReservedCodeCacheSize=
#   JVM is running with Unscaled Compressed Oops mode in which the Java heap is
#     placed in the first 4GB address space. The Java Heap base address is the
#     maximum limit for the native heap growth. Please use -XX:HeapBaseMinAddress
#     to set the Java Heap base and to place the Java Heap above 4GB virtual address.
# This output file may be truncated or incomplete.
#
#  Out of Memory Error (os_windows.cpp:3898), pid=18488, tid=7252
#
# JRE version: OpenJDK Runtime Environment (21.0.6) (build 21.0.6+-13355223-b631.42)
# Java VM: OpenJDK 64-Bit Server VM (21.0.6+-13355223-b631.42, mixed mode, tiered, compressed oops, compressed class ptrs, g1 gc, windows-amd64)
# No core dump will be written. Minidumps are not enabled by default on client versions of Windows
#

---------------  S U M M A R Y ------------

Command Line: --add-opens=java.base/java.lang=ALL-UNNAMED --add-opens=java.base/java.lang.invoke=ALL-UNNAMED --add-opens=java.base/java.util=ALL-UNNAMED --add-opens=java.prefs/java.util.prefs=ALL-UNNAMED --add-exports=jdk.compiler/com.sun.tools.javac.api=ALL-UNNAMED --add-exports=jdk.compiler/com.sun.tools.javac.util=ALL-UNNAMED --add-opens=java.base/java.util=ALL-UNNAMED --add-opens=java.prefs/java.util.prefs=ALL-UNNAMED --add-opens=java.base/java.nio.charset=ALL-UNNAMED --add-opens=java.base/java.net=ALL-UNNAMED --add-opens=java.base/java.util.concurrent.atomic=ALL-UNNAMED --add-opens=java.xml/javax.xml.namespace=ALL-UNNAMED -Xmx2048m -Dfile.encoding=UTF-8 -Duser.country=US -Duser.language=en -Duser.variant -javaagent:C:\Users\hp\.gradle\wrapper\dists\gradle-8.11.1-bin\bpt9gzteqjrbo1mjrsomdt32c\gradle-8.11.1\lib\agents\gradle-instrumentation-agent-8.11.1.jar org.gradle.launcher.daemon.bootstrap.GradleDaemon 8.11.1

Host: 11th Gen Intel(R) Core(TM) i5-1145G7 @ 2.60GHz, 8 cores, 15G,  Windows 11 , 64 bit Build 26100 (10.0.26100.4768)
Time: Fri Aug 22 12:39:57 2025 Pakistan Standard Time elapsed time: 9.477648 seconds (0d 0h 0m 9s)

---------------  T H R E A D  ---------------

Current thread (0x000002aeff01cfe0):  VMThread "VM Thread"          [id=7252, stack(0x000000bb7e500000,0x000000bb7e600000) (1024K)]

Stack: [0x000000bb7e500000,0x000000bb7e600000]
Native frames: (J=compiled Java code, j=interpreted, Vv=VM code, C=native code)
V  [jvm.dll+0x6d05a9]
V  [jvm.dll+0x85ea73]
V  [jvm.dll+0x860fce]
V  [jvm.dll+0x8616b3]
V  [jvm.dll+0x27e6e6]
V  [jvm.dll+0x6ccf45]
V  [jvm.dll+0x6c09fa]
V  [jvm.dll+0x35535b]
V  [jvm.dll+0x35cfb6]
V  [jvm.dll+0x3aef46]
V  [jvm.dll+0x3af218]
V  [jvm.dll+0x327a2c]
V  [jvm.dll+0x327ab7]
V  [jvm.dll+0x36d90c]
V  [jvm.dll+0x36c0be]
V  [jvm.dll+0x327181]
V  [jvm.dll+0x36bae8]
V  [jvm.dll+0x867438]
V  [jvm.dll+0x8687b4]
V  [jvm.dll+0x868cf0]
V  [jvm.dll+0x868f83]
V  [jvm.dll+0x806e48]
V  [jvm.dll+0x6cee7d]
C  [ucrtbase.dll+0x37b0]
C  [KERNEL32.DLL+0x2e8d7]
C  [ntdll.dll+0x3c34c]

VM_Operation (0x000000bb7fdf3f00): G1TryInitiateConcMark, mode: safepoint, requested by thread 0x000002ae9c40f6a0


---------------  P R O C E S S  ---------------

Threads class SMR info:
_java_thread_list=0x000002ae9d79a180, length=59, elements={
0x000002aefd940b00, 0x000002aefef763d0, 0x000002aeff0b1750, 0x000002aeff0bb8b0,
0x000002aeff09dc40, 0x000002aeff09bd90, 0x000002aeff0bea90, 0x000002aeff0ccf10,
0x000002aeff0d0fd0, 0x000002aeff121d60, 0x000002aeff3802c0, 0x000002ae9c27e100,
0x000002ae9c41a6a0, 0x000002ae9c649040, 0x000002ae9c5258b0, 0x000002ae9c525f10,
0x000002ae9c40f040, 0x000002ae9c40f6a0, 0x000002ae9c5826d0, 0x000002ae9c582040,
0x000002ae9c581320, 0x000002ae9c582d60, 0x000002ae9c5819b0, 0x000002ae9c5833f0,
0x000002ae9c583a80, 0x000002ae9c584110, 0x000002ae9c5847a0, 0x000002ae9d93c9f0,
0x000002ae9d93d710, 0x000002ae9d93dda0, 0x000002ae9d93d080, 0x000002ae9d93a920,
0x000002ae9d93afb0, 0x000002ae9d93c360, 0x000002ae9d93b640, 0x000002ae9d93bcd0,
0x000002ae9d78ee20, 0x000002ae9d78fb40, 0x000002ae9d78f4b0, 0x000002ae9d78da70,
0x000002ae9d78e100, 0x000002ae9d795090, 0x000002ae9d793650, 0x000002ae9d791c10,
0x000002ae9d793ce0, 0x000002ae9d794370, 0x000002ae9d794a00, 0x000002ae9d7922a0,
0x000002ae9d792930, 0x000002aea0bd2ca0, 0x000002aea0bd3330, 0x000002aea0bd39c0,
0x000002aea0bd4d70, 0x000002aea0bd1f80, 0x000002aea0bd18f0, 0x000002aea0bd4050,
0x000002aea0bd5a90, 0x000002aea0bd2610, 0x000002aea0bd81f0
}

Java Threads: ( => current thread )
  0x000002aefd940b00 JavaThread "main"                              [_thread_blocked, id=14708, stack(0x000000bb7de00000,0x000000bb7df00000) (1024K)]
  0x000002aefef763d0 JavaThread "Reference Handler"          daemon [_thread_blocked, id=20732, stack(0x000000bb7e600000,0x000000bb7e700000) (1024K)]
  0x000002aeff0b1750 JavaThread "Finalizer"                  daemon [_thread_blocked, id=27792, stack(0x000000bb7e700000,0x000000bb7e800000) (1024K)]
  0x000002aeff0bb8b0 JavaThread "Signal Dispatcher"          daemon [_thread_blocked, id=28492, stack(0x000000bb7e800000,0x000000bb7e900000) (1024K)]
  0x000002aeff09dc40 JavaThread "Attach Listener"            daemon [_thread_blocked, id=26308, stack(0x000000bb7e900000,0x000000bb7ea00000) (1024K)]
  0x000002aeff09bd90 JavaThread "Service Thread"             daemon [_thread_blocked, id=27468, stack(0x000000bb7ea00000,0x000000bb7eb00000) (1024K)]
  0x000002aeff0bea90 JavaThread "Monitor Deflation Thread"   daemon [_thread_blocked, id=25176, stack(0x000000bb7eb00000,0x000000bb7ec00000) (1024K)]
  0x000002aeff0ccf10 JavaThread "C2 CompilerThread0"         daemon [_thread_blocked, id=28600, stack(0x000000bb7ec00000,0x000000bb7ed00000) (1024K)]
  0x000002aeff0d0fd0 JavaThread "C1 CompilerThread0"         daemon [_thread_blocked, id=2396, stack(0x000000bb7ed00000,0x000000bb7ee00000) (1024K)]
  0x000002aeff121d60 JavaThread "Common-Cleaner"             daemon [_thread_blocked, id=9648, stack(0x000000bb7ee00000,0x000000bb7ef00000) (1024K)]
  0x000002aeff3802c0 JavaThread "Notification Thread"        daemon [_thread_blocked, id=18600, stack(0x000000bb7ef00000,0x000000bb7f000000) (1024K)]
  0x000002ae9c27e100 JavaThread "Daemon health stats"               [_thread_blocked, id=26940, stack(0x000000bb7f700000,0x000000bb7f800000) (1024K)]
  0x000002ae9c41a6a0 JavaThread "Incoming local TCP Connector on port 55173"        [_thread_in_native, id=12492, stack(0x000000bb7f800000,0x000000bb7f900000) (1024K)]
  0x000002ae9c649040 JavaThread "Daemon periodic checks"            [_thread_blocked, id=2188, stack(0x000000bb7f900000,0x000000bb7fa00000) (1024K)]
  0x000002ae9c5258b0 JavaThread "Daemon"                            [_thread_blocked, id=23324, stack(0x000000bb7fa00000,0x000000bb7fb00000) (1024K)]
  0x000002ae9c525f10 JavaThread "Handler for socket connection from /127.0.0.1:55173 to /127.0.0.1:55174"        [_thread_in_native, id=11184, stack(0x000000bb7fb00000,0x000000bb7fc00000) (1024K)]
  0x000002ae9c40f040 JavaThread "Cancel handler"                    [_thread_blocked, id=11540, stack(0x000000bb7fc00000,0x000000bb7fd00000) (1024K)]
  0x000002ae9c40f6a0 JavaThread "Daemon worker"                     [_thread_blocked, id=18444, stack(0x000000bb7fd00000,0x000000bb7fe00000) (1024K)]
  0x000002ae9c5826d0 JavaThread "Asynchronous log dispatcher for DefaultDaemonConnection: socket connection from /127.0.0.1:55173 to /127.0.0.1:55174"        [_thread_blocked, id=12532, stack(0x000000bb7fe00000,0x000000bb7ff00000) (1024K)]
  0x000002ae9c582040 JavaThread "Stdin handler"                     [_thread_blocked, id=27128, stack(0x000000bb7ff00000,0x000000bb80000000) (1024K)]
  0x000002ae9c581320 JavaThread "Daemon client event forwarder"        [_thread_blocked, id=24936, stack(0x000000bb00000000,0x000000bb00100000) (1024K)]
  0x000002ae9c582d60 JavaThread "Cache worker for journal cache (C:\Users\hp\.gradle\caches\journal-1)"        [_thread_blocked, id=20320, stack(0x000000bb00400000,0x000000bb00500000) (1024K)]
  0x000002ae9c5819b0 JavaThread "File lock request listener"        [_thread_in_native, id=26008, stack(0x000000bb00500000,0x000000bb00600000) (1024K)]
  0x000002ae9c5833f0 JavaThread "Cache worker for file hash cache (C:\Users\hp\.gradle\caches\8.11.1\fileHashes)"        [_thread_blocked, id=4064, stack(0x000000bb00600000,0x000000bb00700000) (1024K)]
  0x000002ae9c583a80 JavaThread "Cache worker for file content cache (C:\Users\hp\.gradle\caches\8.11.1\fileContent)"        [_thread_blocked, id=21892, stack(0x000000bb00700000,0x000000bb00800000) (1024K)]
  0x000002ae9c584110 JavaThread "Cache worker for file hash cache (C:\Users\hp\SnapStore\.gradle\8.11.1\fileHashes)"        [_thread_blocked, id=6692, stack(0x000000bb00800000,0x000000bb00900000) (1024K)]
  0x000002ae9c5847a0 JavaThread "Cache worker for Build Output Cleanup Cache (C:\Users\hp\SnapStore\.gradle\buildOutputCleanup)"        [_thread_blocked, id=12360, stack(0x000000bb00900000,0x000000bb00a00000) (1024K)]
  0x000002ae9d93c9f0 JavaThread "File watcher server"        daemon [_thread_in_native, id=18964, stack(0x000000bb00a00000,0x000000bb00b00000) (1024K)]
  0x000002ae9d93d710 JavaThread "File watcher consumer"      daemon [_thread_blocked, id=15840, stack(0x000000bb00b00000,0x000000bb00c00000) (1024K)]
  0x000002ae9d93dda0 JavaThread "jar transforms"                    [_thread_blocked, id=4292, stack(0x000000bb00c00000,0x000000bb00d00000) (1024K)]
  0x000002ae9d93d080 JavaThread "jar transforms Thread 2"           [_thread_blocked, id=20596, stack(0x000000bb00d00000,0x000000bb00e00000) (1024K)]
  0x000002ae9d93a920 JavaThread "jar transforms Thread 3"           [_thread_blocked, id=12216, stack(0x000000bb00e00000,0x000000bb00f00000) (1024K)]
  0x000002ae9d93afb0 JavaThread "jar transforms Thread 4"           [_thread_blocked, id=16764, stack(0x000000bb00f00000,0x000000bb01000000) (1024K)]
  0x000002ae9d93c360 JavaThread "jar transforms Thread 5"           [_thread_blocked, id=5936, stack(0x000000bb01000000,0x000000bb01100000) (1024K)]
  0x000002ae9d93b640 JavaThread "jar transforms Thread 6"           [_thread_blocked, id=28168, stack(0x000000bb01100000,0x000000bb01200000) (1024K)]
  0x000002ae9d93bcd0 JavaThread "jar transforms Thread 7"           [_thread_blocked, id=10492, stack(0x000000bb01200000,0x000000bb01300000) (1024K)]
  0x000002ae9d78ee20 JavaThread "jar transforms Thread 8"           [_thread_blocked, id=3756, stack(0x000000bb01300000,0x000000bb01400000) (1024K)]
  0x000002ae9d78fb40 JavaThread "Cache worker for checksums cache (C:\Users\hp\SnapStore\.gradle\8.11.1\checksums)"        [_thread_blocked, id=26404, stack(0x000000bb01400000,0x000000bb01500000) (1024K)]
  0x000002ae9d78f4b0 JavaThread "Cache worker for cache directory md-rule (C:\Users\hp\.gradle\caches\8.11.1\md-rule)"        [_thread_blocked, id=9344, stack(0x000000bb01500000,0x000000bb01600000) (1024K)]
  0x000002ae9d78da70 JavaThread "Cache worker for cache directory md-supplier (C:\Users\hp\.gradle\caches\8.11.1\md-supplier)"        [_thread_blocked, id=17692, stack(0x000000bb01600000,0x000000bb01700000) (1024K)]
  0x000002ae9d78e100 JavaThread "Unconstrained build operations"        [_thread_blocked, id=8828, stack(0x000000bb01700000,0x000000bb01800000) (1024K)]
  0x000002ae9d795090 JavaThread "Unconstrained build operations Thread 2"        [_thread_blocked, id=16848, stack(0x000000bb01800000,0x000000bb01900000) (1024K)]
  0x000002ae9d793650 JavaThread "Unconstrained build operations Thread 3"        [_thread_blocked, id=6504, stack(0x000000bb01900000,0x000000bb01a00000) (1024K)]
  0x000002ae9d791c10 JavaThread "Unconstrained build operations Thread 4"        [_thread_blocked, id=25824, stack(0x000000bb01a00000,0x000000bb01b00000) (1024K)]
  0x000002ae9d793ce0 JavaThread "Unconstrained build operations Thread 5"        [_thread_blocked, id=28096, stack(0x000000bb01b00000,0x000000bb01c00000) (1024K)]
  0x000002ae9d794370 JavaThread "Unconstrained build operations Thread 6"        [_thread_blocked, id=13520, stack(0x000000bb01c00000,0x000000bb01d00000) (1024K)]
  0x000002ae9d794a00 JavaThread "Unconstrained build operations Thread 7"        [_thread_blocked, id=5416, stack(0x000000bb01d00000,0x000000bb01e00000) (1024K)]
  0x000002ae9d7922a0 JavaThread "Unconstrained build operations Thread 8"        [_thread_blocked, id=19192, stack(0x000000bb01e00000,0x000000bb01f00000) (1024K)]
  0x000002ae9d792930 JavaThread "Unconstrained build operations Thread 9"        [_thread_blocked, id=13796, stack(0x000000bb01f00000,0x000000bb02000000) (1024K)]
  0x000002aea0bd2ca0 JavaThread "Unconstrained build operations Thread 10"        [_thread_blocked, id=26612, stack(0x000000bb02000000,0x000000bb02100000) (1024K)]
  0x000002aea0bd3330 JavaThread "Unconstrained build operations Thread 11"        [_thread_blocked, id=22152, stack(0x000000bb02100000,0x000000bb02200000) (1024K)]
  0x000002aea0bd39c0 JavaThread "Unconstrained build operations Thread 12"        [_thread_blocked, id=24616, stack(0x000000bb02200000,0x000000bb02300000) (1024K)]
  0x000002aea0bd4d70 JavaThread "Unconstrained build operations Thread 13"        [_thread_blocked, id=9272, stack(0x000000bb02300000,0x000000bb02400000) (1024K)]
  0x000002aea0bd1f80 JavaThread "Unconstrained build operations Thread 14"        [_thread_blocked, id=20804, stack(0x000000bb02400000,0x000000bb02500000) (1024K)]
  0x000002aea0bd18f0 JavaThread "Unconstrained build operations Thread 15"        [_thread_blocked, id=7180, stack(0x000000bb02500000,0x000000bb02600000) (1024K)]
  0x000002aea0bd4050 JavaThread "Unconstrained build operations Thread 16"        [_thread_blocked, id=5648, stack(0x000000bb02600000,0x000000bb02700000) (1024K)]
  0x000002aea0bd5a90 JavaThread "Unconstrained build operations Thread 17"        [_thread_blocked, id=16024, stack(0x000000bb02700000,0x000000bb02800000) (1024K)]
  0x000002aea0bd2610 JavaThread "Unconstrained build operations Thread 18"        [_thread_blocked, id=24600, stack(0x000000bb02800000,0x000000bb02900000) (1024K)]
  0x000002aea0bd81f0 JavaThread "Kotlin DSL Writer"                 [_thread_blocked, id=22916, stack(0x000000bb02a00000,0x000000bb02b00000) (1024K)]
Total: 59

Other Threads:
=>0x000002aeff01cfe0 VMThread "VM Thread"                           [id=7252, stack(0x000000bb7e500000,0x000000bb7e600000) (1024K)]
  0x000002aefef31cb0 WatcherThread "VM Periodic Task Thread"        [id=25084, stack(0x000000bb7e400000,0x000000bb7e500000) (1024K)]
  0x000002aefd9986e0 WorkerThread "GC Thread#0"                     [id=27740, stack(0x000000bb7df00000,0x000000bb7e000000) (1024K)]
  0x000002ae9662e790 WorkerThread "GC Thread#1"                     [id=26436, stack(0x000000bb7f200000,0x000000bb7f300000) (1024K)]
  0x000002ae9662eb30 WorkerThread "GC Thread#2"                     [id=9004, stack(0x000000bb7f300000,0x000000bb7f400000) (1024K)]
  0x000002ae9627e5e0 WorkerThread "GC Thread#3"                     [id=24132, stack(0x000000bb7f400000,0x000000bb7f500000) (1024K)]
  0x000002ae9627e980 WorkerThread "GC Thread#4"                     [id=4520, stack(0x000000bb7f500000,0x000000bb7f600000) (1024K)]
  0x000002ae9647a640 WorkerThread "GC Thread#5"                     [id=23212, stack(0x000000bb7f600000,0x000000bb7f700000) (1024K)]
  0x000002ae9c793680 WorkerThread "GC Thread#6"                     [id=21732, stack(0x000000bb00100000,0x000000bb00200000) (1024K)]
  0x000002ae9c793a20 WorkerThread "GC Thread#7"                     [id=16184, stack(0x000000bb00200000,0x000000bb00300000) (1024K)]
  0x000002aefd9a9470 ConcurrentGCThread "G1 Main Marker"            [id=24768, stack(0x000000bb7e000000,0x000000bb7e100000) (1024K)]
  0x000002aefd9a9d20 WorkerThread "G1 Conc#0"                       [id=4196, stack(0x000000bb7e100000,0x000000bb7e200000) (1024K)]
  0x000002ae9c799060 WorkerThread "G1 Conc#1"                       [id=14104, stack(0x000000bb00300000,0x000000bb00400000) (1024K)]
  0x000002aefee813a0 ConcurrentGCThread "G1 Refine#0"               [id=22092, stack(0x000000bb7e200000,0x000000bb7e300000) (1024K)]
  0x000002aefee81bc0 ConcurrentGCThread "G1 Service"                [id=13556, stack(0x000000bb7e300000,0x000000bb7e400000) (1024K)]
Total: 15

Threads with active compile tasks:
Total: 0

VM state: at safepoint (normal execution)

VM Mutex/Monitor currently owned by a thread:  ([mutex/lock_event])
[0x00007ffa6786e3a0] Threads_lock - owner thread: 0x000002aeff01cfe0
[0x00007ffa6786e4a0] Heap_lock - owner thread: 0x000002ae9c40f6a0

Heap address: 0x0000000080000000, size: 2048 MB, Compressed Oops mode: 32-bit

CDS archive(s) not mapped
Compressed class space mapped at: 0x0000000100000000-0x0000000140000000, reserved size: 1073741824
Narrow klass base: 0x0000000000000000, Narrow klass shift: 3, Narrow klass range: 0x140000000

GC Precious Log:
 CardTable entry size: 512
 Card Set container configuration: InlinePtr #cards 5 size 8 Array Of Cards #cards 12 size 40 Howl #buckets 4 coarsen threshold 1843 Howl Bitmap #cards 512 size 80 coarsen threshold 460 Card regions per heap region 1 cards per card region 2048
 CPUs: 8 total, 8 available
 Memory: 16112M
 Large Page Support: Disabled
 NUMA Support: Disabled
 Compressed Oops: Enabled (32-bit)
 Heap Region Size: 1M
 Heap Min Capacity: 8M
 Heap Initial Capacity: 252M
 Heap Max Capacity: 2G
 Pre-touch: Disabled
 Parallel Workers: 8
 Concurrent Workers: 2
 Concurrent Refinement Workers: 8
 Periodic GC: Disabled

Heap:
 garbage-first heap   total 159744K, used 102650K [0x0000000080000000, 0x0000000100000000)
  region size 1024K, 2 young (2048K), 2 survivors (2048K)
 Metaspace       used 101853K, committed 103744K, reserved 1179648K
  class space    used 13860K, committed 14784K, reserved 1048576K

Heap Regions: E=young(eden), S=young(survivor), O=old, HS=humongous(starts), HC=humongous(continues), CS=collection set, F=free, TAMS=top-at-mark-start, PB=parsable bottom
|   0|0x0000000080000000, 0x0000000080100000, 0x0000000080100000|100%| O|  |TAMS 0x0000000080100000| PB 0x0000000080000000| Untracked 
|   1|0x0000000080100000, 0x0000000080200000, 0x0000000080200000|100%|HS|  |TAMS 0x0000000080200000| PB 0x0000000080100000| Complete 
|   2|0x0000000080200000, 0x0000000080300000, 0x0000000080300000|100%|HC|  |TAMS 0x0000000080300000| PB 0x0000000080200000| Complete 
|   3|0x0000000080300000, 0x0000000080400000, 0x0000000080400000|100%|HC|  |TAMS 0x0000000080400000| PB 0x0000000080300000| Complete 
|   4|0x0000000080400000, 0x0000000080500000, 0x0000000080500000|100%| O|  |TAMS 0x0000000080500000| PB 0x0000000080400000| Untracked 
|   5|0x0000000080500000, 0x0000000080600000, 0x0000000080600000|100%| O|  |TAMS 0x0000000080600000| PB 0x0000000080500000| Untracked 
|   6|0x0000000080600000, 0x0000000080700000, 0x0000000080700000|100%| O|  |TAMS 0x0000000080700000| PB 0x0000000080600000| Untracked 
|   7|0x0000000080700000, 0x0000000080800000, 0x0000000080800000|100%|HS|  |TAMS 0x0000000080800000| PB 0x0000000080700000| Complete 
|   8|0x0000000080800000, 0x0000000080900000, 0x0000000080900000|100%| O|  |TAMS 0x0000000080900000| PB 0x0000000080800000| Untracked 
|   9|0x0000000080900000, 0x0000000080a00000, 0x0000000080a00000|100%| O|  |TAMS 0x0000000080a00000| PB 0x0000000080900000| Untracked 
|  10|0x0000000080a00000, 0x0000000080b00000, 0x0000000080b00000|100%| O|  |TAMS 0x0000000080b00000| PB 0x0000000080a00000| Untracked 
|  11|0x0000000080b00000, 0x0000000080c00000, 0x0000000080c00000|100%| O|  |TAMS 0x0000000080c00000| PB 0x0000000080b00000| Untracked 
|  12|0x0000000080c00000, 0x0000000080d00000, 0x0000000080d00000|100%| O|  |TAMS 0x0000000080d00000| PB 0x0000000080c00000| Untracked 
|  13|0x0000000080d00000, 0x0000000080e00000, 0x0000000080e00000|100%| O|  |TAMS 0x0000000080e00000| PB 0x0000000080d00000| Untracked 
|  14|0x0000000080e00000, 0x0000000080f00000, 0x0000000080f00000|100%| O|  |TAMS 0x0000000080f00000| PB 0x0000000080e00000| Untracked 
|  15|0x0000000080f00000, 0x0000000081000000, 0x0000000081000000|100%| O|  |TAMS 0x0000000081000000| PB 0x0000000080f00000| Untracked 
|  16|0x0000000081000000, 0x0000000081100000, 0x0000000081100000|100%| O|  |TAMS 0x0000000081100000| PB 0x0000000081000000| Untracked 
|  17|0x0000000081100000, 0x0000000081200000, 0x0000000081200000|100%| O|  |TAMS 0x0000000081200000| PB 0x0000000081100000| Untracked 
|  18|0x0000000081200000, 0x0000000081300000, 0x0000000081300000|100%| O|  |TAMS 0x0000000081300000| PB 0x0000000081200000| Untracked 
|  19|0x0000000081300000, 0x0000000081400000, 0x0000000081400000|100%| O|  |TAMS 0x0000000081400000| PB 0x0000000081300000| Untracked 
|  20|0x0000000081400000, 0x0000000081500000, 0x0000000081500000|100%| O|  |TAMS 0x0000000081500000| PB 0x0000000081400000| Untracked 
|  21|0x0000000081500000, 0x0000000081600000, 0x0000000081600000|100%|HS|  |TAMS 0x0000000081600000| PB 0x0000000081500000| Complete 
|  22|0x0000000081600000, 0x0000000081700000, 0x0000000081700000|100%|HC|  |TAMS 0x0000000081700000| PB 0x0000000081600000| Complete 
|  23|0x0000000081700000, 0x0000000081800000, 0x0000000081800000|100%|HC|  |TAMS 0x0000000081800000| PB 0x0000000081700000| Complete 
|  24|0x0000000081800000, 0x0000000081900000, 0x0000000081900000|100%|HC|  |TAMS 0x0000000081900000| PB 0x0000000081800000| Complete 
|  25|0x0000000081900000, 0x0000000081a00000, 0x0000000081a00000|100%|HC|  |TAMS 0x0000000081a00000| PB 0x0000000081900000| Complete 
|  26|0x0000000081a00000, 0x0000000081b00000, 0x0000000081b00000|100%|HC|  |TAMS 0x0000000081b00000| PB 0x0000000081a00000| Complete 
|  27|0x0000000081b00000, 0x0000000081c00000, 0x0000000081c00000|100%|HS|  |TAMS 0x0000000081c00000| PB 0x0000000081b00000| Complete 
|  28|0x0000000081c00000, 0x0000000081d00000, 0x0000000081d00000|100%| O|  |TAMS 0x0000000081d00000| PB 0x0000000081c00000| Untracked 
|  29|0x0000000081d00000, 0x0000000081e00000, 0x0000000081e00000|100%| O|  |TAMS 0x0000000081e00000| PB 0x0000000081d00000| Untracked 
|  30|0x0000000081e00000, 0x0000000081f00000, 0x0000000081f00000|100%| O|  |TAMS 0x0000000081f00000| PB 0x0000000081e00000| Untracked 
|  31|0x0000000081f00000, 0x0000000082000000, 0x0000000082000000|100%| O|  |TAMS 0x0000000082000000| PB 0x0000000081f00000| Untracked 
|  32|0x0000000082000000, 0x0000000082100000, 0x0000000082100000|100%| O|  |TAMS 0x0000000082100000| PB 0x0000000082000000| Untracked 
|  33|0x0000000082100000, 0x0000000082200000, 0x0000000082200000|100%|HS|  |TAMS 0x0000000082200000| PB 0x0000000082100000| Complete 
|  34|0x0000000082200000, 0x0000000082300000, 0x0000000082300000|100%|HC|  |TAMS 0x0000000082300000| PB 0x0000000082200000| Complete 
|  35|0x0000000082300000, 0x0000000082400000, 0x0000000082400000|100%|HC|  |TAMS 0x0000000082400000| PB 0x0000000082300000| Complete 
|  36|0x0000000082400000, 0x0000000082500000, 0x0000000082500000|100%|HC|  |TAMS 0x0000000082500000| PB 0x0000000082400000| Complete 
|  37|0x0000000082500000, 0x0000000082600000, 0x0000000082600000|100%|HS|  |TAMS 0x0000000082600000| PB 0x0000000082500000| Complete 
|  38|0x0000000082600000, 0x0000000082700000, 0x0000000082700000|100%|HC|  |TAMS 0x0000000082700000| PB 0x0000000082600000| Complete 
|  39|0x0000000082700000, 0x0000000082800000, 0x0000000082800000|100%| O|  |TAMS 0x0000000082800000| PB 0x0000000082700000| Untracked 
|  40|0x0000000082800000, 0x0000000082900000, 0x0000000082900000|100%| O|  |TAMS 0x0000000082900000| PB 0x0000000082800000| Untracked 
|  41|0x0000000082900000, 0x0000000082a00000, 0x0000000082a00000|100%| O|  |TAMS 0x0000000082a00000| PB 0x0000000082900000| Untracked 
|  42|0x0000000082a00000, 0x0000000082b00000, 0x0000000082b00000|100%| O|  |TAMS 0x0000000082b00000| PB 0x0000000082a00000| Untracked 
|  43|0x0000000082b00000, 0x0000000082c00000, 0x0000000082c00000|100%| O|  |TAMS 0x0000000082c00000| PB 0x0000000082b00000| Untracked 
|  44|0x0000000082c00000, 0x0000000082d00000, 0x0000000082d00000|100%|HS|  |TAMS 0x0000000082d00000| PB 0x0000000082c00000| Complete 
|  45|0x0000000082d00000, 0x0000000082e00000, 0x0000000082e00000|100%|HC|  |TAMS 0x0000000082e00000| PB 0x0000000082d00000| Complete 
|  46|0x0000000082e00000, 0x0000000082f00000, 0x0000000082f00000|100%| O|  |TAMS 0x0000000082f00000| PB 0x0000000082e00000| Untracked 
|  47|0x0000000082f00000, 0x0000000083000000, 0x0000000083000000|100%| O|  |TAMS 0x0000000083000000| PB 0x0000000082f00000| Untracked 
|  48|0x0000000083000000, 0x0000000083100000, 0x0000000083100000|100%| O|  |TAMS 0x0000000083100000| PB 0x0000000083000000| Untracked 
|  49|0x0000000083100000, 0x0000000083200000, 0x0000000083200000|100%| O|  |TAMS 0x0000000083200000| PB 0x0000000083100000| Untracked 
|  50|0x0000000083200000, 0x0000000083300000, 0x0000000083300000|100%| O|  |TAMS 0x0000000083300000| PB 0x0000000083200000| Untracked 
|  51|0x0000000083300000, 0x0000000083400000, 0x0000000083400000|100%| O|  |TAMS 0x0000000083400000| PB 0x0000000083300000| Untracked 
|  52|0x0000000083400000, 0x0000000083500000, 0x0000000083500000|100%| O|  |TAMS 0x0000000083500000| PB 0x0000000083400000| Untracked 
|  53|0x0000000083500000, 0x0000000083600000, 0x0000000083600000|100%| O|  |TAMS 0x0000000083600000| PB 0x0000000083500000| Untracked 
|  54|0x0000000083600000, 0x0000000083700000, 0x0000000083700000|100%| O|  |TAMS 0x0000000083600000| PB 0x0000000083600000| Untracked 
|  55|0x0000000083700000, 0x0000000083800000, 0x0000000083800000|100%| O|  |TAMS 0x0000000083800000| PB 0x0000000083700000| Untracked 
|  56|0x0000000083800000, 0x0000000083900000, 0x0000000083900000|100%| O|  |TAMS 0x0000000083900000| PB 0x0000000083800000| Untracked 
|  57|0x0000000083900000, 0x0000000083a00000, 0x0000000083a00000|100%| O|  |TAMS 0x0000000083900000| PB 0x0000000083900000| Untracked 
|  58|0x0000000083a00000, 0x0000000083b00000, 0x0000000083b00000|100%|HS|  |TAMS 0x0000000083b00000| PB 0x0000000083a00000| Complete 
|  59|0x0000000083b00000, 0x0000000083c00000, 0x0000000083c00000|100%|HC|  |TAMS 0x0000000083c00000| PB 0x0000000083b00000| Complete 
|  60|0x0000000083c00000, 0x0000000083d00000, 0x0000000083d00000|100%|HC|  |TAMS 0x0000000083d00000| PB 0x0000000083c00000| Complete 
|  61|0x0000000083d00000, 0x0000000083e00000, 0x0000000083e00000|100%|HC|  |TAMS 0x0000000083e00000| PB 0x0000000083d00000| Complete 
|  62|0x0000000083e00000, 0x0000000083f00000, 0x0000000083f00000|100%|HC|  |TAMS 0x0000000083f00000| PB 0x0000000083e00000| Complete 
|  63|0x0000000083f00000, 0x0000000084000000, 0x0000000084000000|100%|HC|  |TAMS 0x0000000084000000| PB 0x0000000083f00000| Complete 
|  64|0x0000000084000000, 0x0000000084100000, 0x0000000084100000|100%|HS|  |TAMS 0x0000000084100000| PB 0x0000000084000000| Complete 
|  65|0x0000000084100000, 0x0000000084200000, 0x0000000084200000|100%|HC|  |TAMS 0x0000000084200000| PB 0x0000000084100000| Complete 
|  66|0x0000000084200000, 0x0000000084300000, 0x0000000084300000|100%|HC|  |TAMS 0x0000000084300000| PB 0x0000000084200000| Complete 
|  67|0x0000000084300000, 0x0000000084400000, 0x0000000084400000|100%|HC|  |TAMS 0x0000000084400000| PB 0x0000000084300000| Complete 
|  68|0x0000000084400000, 0x0000000084500000, 0x0000000084500000|100%|HC|  |TAMS 0x0000000084500000| PB 0x0000000084400000| Complete 
|  69|0x0000000084500000, 0x0000000084600000, 0x0000000084600000|100%|HC|  |TAMS 0x0000000084600000| PB 0x0000000084500000| Complete 
|  70|0x0000000084600000, 0x0000000084700000, 0x0000000084700000|100%| O|  |TAMS 0x0000000084700000| PB 0x0000000084600000| Untracked 
|  71|0x0000000084700000, 0x0000000084800000, 0x0000000084800000|100%| O|  |TAMS 0x0000000084800000| PB 0x0000000084700000| Untracked 
|  72|0x0000000084800000, 0x0000000084900000, 0x0000000084900000|100%| O|  |TAMS 0x0000000084900000| PB 0x0000000084800000| Untracked 
|  73|0x0000000084900000, 0x0000000084a00000, 0x0000000084a00000|100%| O|  |TAMS 0x0000000084900000| PB 0x0000000084900000| Untracked 
|  74|0x0000000084a00000, 0x0000000084b00000, 0x0000000084b00000|100%| O|  |TAMS 0x0000000084a00000| PB 0x0000000084a00000| Untracked 
|  75|0x0000000084b00000, 0x0000000084c00000, 0x0000000084c00000|100%| O|  |TAMS 0x0000000084c00000| PB 0x0000000084b00000| Untracked 
|  76|0x0000000084c00000, 0x0000000084d00000, 0x0000000084d00000|100%| O|  |TAMS 0x0000000084d00000| PB 0x0000000084c00000| Untracked 
|  77|0x0000000084d00000, 0x0000000084e00000, 0x0000000084e00000|100%| O|  |TAMS 0x0000000084e00000| PB 0x0000000084d00000| Untracked 
|  78|0x0000000084e00000, 0x0000000084f00000, 0x0000000084f00000|100%| O|  |TAMS 0x0000000084f00000| PB 0x0000000084e00000| Untracked 
|  79|0x0000000084f00000, 0x0000000085000000, 0x0000000085000000|100%| O|  |TAMS 0x0000000085000000| PB 0x0000000084f00000| Untracked 
|  80|0x0000000085000000, 0x0000000085100000, 0x0000000085100000|100%| O|  |TAMS 0x0000000085100000| PB 0x0000000085000000| Untracked 
|  81|0x0000000085100000, 0x0000000085200000, 0x0000000085200000|100%| O|  |TAMS 0x0000000085200000| PB 0x0000000085100000| Untracked 
|  82|0x0000000085200000, 0x0000000085300000, 0x0000000085300000|100%| O|  |TAMS 0x0000000085200000| PB 0x0000000085200000| Untracked 
|  83|0x0000000085300000, 0x0000000085400000, 0x0000000085400000|100%| O|  |TAMS 0x0000000085300000| PB 0x0000000085300000| Untracked 
|  84|0x0000000085400000, 0x0000000085500000, 0x0000000085500000|100%| O|  |TAMS 0x0000000085400000| PB 0x0000000085400000| Untracked 
|  85|0x0000000085500000, 0x00000000855624e8, 0x0000000085600000| 38%| O|  |TAMS 0x0000000085500000| PB 0x0000000085500000| Untracked 
|  86|0x0000000085600000, 0x0000000085600000, 0x0000000085700000|  0%| F|  |TAMS 0x0000000085600000| PB 0x0000000085600000| Untracked 
|  87|0x0000000085700000, 0x0000000085700000, 0x0000000085800000|  0%| F|  |TAMS 0x0000000085700000| PB 0x0000000085700000| Untracked 
|  88|0x0000000085800000, 0x0000000085800000, 0x0000000085900000|  0%| F|  |TAMS 0x0000000085800000| PB 0x0000000085800000| Untracked 
|  89|0x0000000085900000, 0x0000000085900000, 0x0000000085a00000|  0%| F|  |TAMS 0x0000000085900000| PB 0x0000000085900000| Untracked 
|  90|0x0000000085a00000, 0x0000000085b00000, 0x0000000085b00000|100%|HS|  |TAMS 0x0000000085b00000| PB 0x0000000085a00000| Complete 
|  91|0x0000000085b00000, 0x0000000085c00000, 0x0000000085c00000|100%| O|  |TAMS 0x0000000085c00000| PB 0x0000000085b00000| Untracked 
|  92|0x0000000085c00000, 0x0000000085d00000, 0x0000000085d00000|100%| O|  |TAMS 0x0000000085d00000| PB 0x0000000085c00000| Untracked 
|  93|0x0000000085d00000, 0x0000000085d00000, 0x0000000085e00000|  0%| F|  |TAMS 0x0000000085d00000| PB 0x0000000085d00000| Untracked 
|  94|0x0000000085e00000, 0x0000000085e00000, 0x0000000085f00000|  0%| F|  |TAMS 0x0000000085e00000| PB 0x0000000085e00000| Untracked 
|  95|0x0000000085f00000, 0x0000000085f00000, 0x0000000086000000|  0%| F|  |TAMS 0x0000000085f00000| PB 0x0000000085f00000| Untracked 
|  96|0x0000000086000000, 0x0000000086000000, 0x0000000086100000|  0%| F|  |TAMS 0x0000000086000000| PB 0x0000000086000000| Untracked 
|  97|0x0000000086100000, 0x0000000086100000, 0x0000000086200000|  0%| F|  |TAMS 0x0000000086100000| PB 0x0000000086100000| Untracked 
|  98|0x0000000086200000, 0x0000000086200000, 0x0000000086300000|  0%| F|  |TAMS 0x0000000086200000| PB 0x0000000086200000| Untracked 
|  99|0x0000000086300000, 0x0000000086300000, 0x0000000086400000|  0%| F|  |TAMS 0x0000000086300000| PB 0x0000000086300000| Untracked 
| 100|0x0000000086400000, 0x0000000086400000, 0x0000000086500000|  0%| F|  |TAMS 0x0000000086400000| PB 0x0000000086400000| Untracked 
| 101|0x0000000086500000, 0x0000000086500000, 0x0000000086600000|  0%| F|  |TAMS 0x0000000086500000| PB 0x0000000086500000| Untracked 
| 102|0x0000000086600000, 0x0000000086600000, 0x0000000086700000|  0%| F|  |TAMS 0x0000000086600000| PB 0x0000000086600000| Untracked 
| 103|0x0000000086700000, 0x0000000086700000, 0x0000000086800000|  0%| F|  |TAMS 0x0000000086700000| PB 0x0000000086700000| Untracked 
| 104|0x0000000086800000, 0x0000000086800000, 0x0000000086900000|  0%| F|  |TAMS 0x0000000086800000| PB 0x0000000086800000| Untracked 
| 105|0x0000000086900000, 0x0000000086900000, 0x0000000086a00000|  0%| F|  |TAMS 0x0000000086900000| PB 0x0000000086900000| Untracked 
| 106|0x0000000086a00000, 0x0000000086a00000, 0x0000000086b00000|  0%| F|  |TAMS 0x0000000086a00000| PB 0x0000000086a00000| Untracked 
| 107|0x0000000086b00000, 0x0000000086b00000, 0x0000000086c00000|  0%| F|  |TAMS 0x0000000086b00000| PB 0x0000000086b00000| Untracked 
| 108|0x0000000086c00000, 0x0000000086cdc560, 0x0000000086d00000| 86%| S|CS|TAMS 0x0000000086c00000| PB 0x0000000086c00000| Complete 
| 109|0x0000000086d00000, 0x0000000086e00000, 0x0000000086e00000|100%| S|CS|TAMS 0x0000000086d00000| PB 0x0000000086d00000| Complete 
| 110|0x0000000086e00000, 0x0000000086e00000, 0x0000000086f00000|  0%| F|  |TAMS 0x0000000086e00000| PB 0x0000000086e00000| Untracked 
| 111|0x0000000086f00000, 0x0000000086f00000, 0x0000000087000000|  0%| F|  |TAMS 0x0000000086f00000| PB 0x0000000086f00000| Untracked 
| 112|0x0000000087000000, 0x0000000087000000, 0x0000000087100000|  0%| F|  |TAMS 0x0000000087000000| PB 0x0000000087000000| Untracked 
| 113|0x0000000087100000, 0x0000000087100000, 0x0000000087200000|  0%| F|  |TAMS 0x0000000087100000| PB 0x0000000087100000| Untracked 
| 114|0x0000000087200000, 0x0000000087200000, 0x0000000087300000|  0%| F|  |TAMS 0x0000000087200000| PB 0x0000000087200000| Untracked 
| 115|0x0000000087300000, 0x0000000087300000, 0x0000000087400000|  0%| F|  |TAMS 0x0000000087300000| PB 0x0000000087300000| Untracked 
| 116|0x0000000087400000, 0x0000000087400000, 0x0000000087500000|  0%| F|  |TAMS 0x0000000087400000| PB 0x0000000087400000| Untracked 
| 117|0x0000000087500000, 0x0000000087500000, 0x0000000087600000|  0%| F|  |TAMS 0x0000000087500000| PB 0x0000000087500000| Untracked 
| 118|0x0000000087600000, 0x0000000087600000, 0x0000000087700000|  0%| F|  |TAMS 0x0000000087600000| PB 0x0000000087600000| Untracked 
| 119|0x0000000087700000, 0x0000000087700000, 0x0000000087800000|  0%| F|  |TAMS 0x0000000087700000| PB 0x0000000087700000| Untracked 
| 120|0x0000000087800000, 0x0000000087800000, 0x0000000087900000|  0%| F|  |TAMS 0x0000000087800000| PB 0x0000000087800000| Untracked 
| 121|0x0000000087900000, 0x0000000087900000, 0x0000000087a00000|  0%| F|  |TAMS 0x0000000087900000| PB 0x0000000087900000| Untracked 
| 122|0x0000000087a00000, 0x0000000087a00000, 0x0000000087b00000|  0%| F|  |TAMS 0x0000000087a00000| PB 0x0000000087a00000| Untracked 
| 123|0x0000000087b00000, 0x0000000087b00000, 0x0000000087c00000|  0%| F|  |TAMS 0x0000000087b00000| PB 0x0000000087b00000| Untracked 
| 124|0x0000000087c00000, 0x0000000087c00000, 0x0000000087d00000|  0%| F|  |TAMS 0x0000000087c00000| PB 0x0000000087c00000| Untracked 
| 125|0x0000000087d00000, 0x0000000087d00000, 0x0000000087e00000|  0%| F|  |TAMS 0x0000000087d00000| PB 0x0000000087d00000| Untracked 
| 126|0x0000000087e00000, 0x0000000087e00000, 0x0000000087f00000|  0%| F|  |TAMS 0x0000000087e00000| PB 0x0000000087e00000| Untracked 
| 127|0x0000000087f00000, 0x0000000087f00000, 0x0000000088000000|  0%| F|  |TAMS 0x0000000087f00000| PB 0x0000000087f00000| Untracked 
| 128|0x0000000088000000, 0x0000000088000000, 0x0000000088100000|  0%| F|  |TAMS 0x0000000088000000| PB 0x0000000088000000| Untracked 
| 129|0x0000000088100000, 0x0000000088100000, 0x0000000088200000|  0%| F|  |TAMS 0x0000000088100000| PB 0x0000000088100000| Untracked 
| 130|0x0000000088200000, 0x0000000088200000, 0x0000000088300000|  0%| F|  |TAMS 0x0000000088200000| PB 0x0000000088200000| Untracked 
| 131|0x0000000088300000, 0x0000000088300000, 0x0000000088400000|  0%| F|  |TAMS 0x0000000088300000| PB 0x0000000088300000| Untracked 
| 132|0x0000000088400000, 0x0000000088400000, 0x0000000088500000|  0%| F|  |TAMS 0x0000000088400000| PB 0x0000000088400000| Untracked 
| 133|0x0000000088500000, 0x0000000088500000, 0x0000000088600000|  0%| F|  |TAMS 0x0000000088500000| PB 0x0000000088500000| Untracked 
| 134|0x0000000088600000, 0x0000000088600000, 0x0000000088700000|  0%| F|  |TAMS 0x0000000088600000| PB 0x0000000088600000| Untracked 
| 135|0x0000000088700000, 0x0000000088700000, 0x0000000088800000|  0%| F|  |TAMS 0x0000000088700000| PB 0x0000000088700000| Untracked 
| 218|0x000000008da00000, 0x000000008da00000, 0x000000008db00000|  0%| F|  |TAMS 0x000000008da00000| PB 0x000000008da00000| Untracked 
| 219|0x000000008db00000, 0x000000008db00000, 0x000000008dc00000|  0%| F|  |TAMS 0x000000008db00000| PB 0x000000008db00000| Untracked 
| 220|0x000000008dc00000, 0x000000008dc00000, 0x000000008dd00000|  0%| F|  |TAMS 0x000000008dc00000| PB 0x000000008dc00000| Untracked 
| 221|0x000000008dd00000, 0x000000008dd00000, 0x000000008de00000|  0%| F|  |TAMS 0x000000008dd00000| PB 0x000000008dd00000| Untracked 
| 222|0x000000008de00000, 0x000000008de00000, 0x000000008df00000|  0%| F|  |TAMS 0x000000008de00000| PB 0x000000008de00000| Untracked 
| 223|0x000000008df00000, 0x000000008df00000, 0x000000008e000000|  0%| F|  |TAMS 0x000000008df00000| PB 0x000000008df00000| Untracked 
| 224|0x000000008e000000, 0x000000008e000000, 0x000000008e100000|  0%| F|  |TAMS 0x000000008e000000| PB 0x000000008e000000| Untracked 
| 225|0x000000008e100000, 0x000000008e100000, 0x000000008e200000|  0%| F|  |TAMS 0x000000008e100000| PB 0x000000008e100000| Untracked 
| 226|0x000000008e200000, 0x000000008e200000, 0x000000008e300000|  0%| F|  |TAMS 0x000000008e200000| PB 0x000000008e200000| Untracked 
| 251|0x000000008fb00000, 0x000000008fb00000, 0x000000008fc00000|  0%| F|  |TAMS 0x000000008fb00000| PB 0x000000008fb00000| Untracked 
|2038|0x00000000ff600000, 0x00000000ff700000, 0x00000000ff700000|100%| O|  |TAMS 0x00000000ff694e80| PB 0x00000000ff600000| Untracked 
|2039|0x00000000ff700000, 0x00000000ff800000, 0x00000000ff800000|100%| O|  |TAMS 0x00000000ff800000| PB 0x00000000ff700000| Untracked 
|2040|0x00000000ff800000, 0x00000000ff900000, 0x00000000ff900000|100%| O|  |TAMS 0x00000000ff900000| PB 0x00000000ff800000| Untracked 
|2041|0x00000000ff900000, 0x00000000ffa00000, 0x00000000ffa00000|100%| O|  |TAMS 0x00000000ffa00000| PB 0x00000000ff900000| Untracked 
|2042|0x00000000ffa00000, 0x00000000ffb00000, 0x00000000ffb00000|100%| O|  |TAMS 0x00000000ffb00000| PB 0x00000000ffa00000| Untracked 
|2043|0x00000000ffb00000, 0x00000000ffc00000, 0x00000000ffc00000|100%| O|  |TAMS 0x00000000ffc00000| PB 0x00000000ffb00000| Untracked 
|2044|0x00000000ffc00000, 0x00000000ffd00000, 0x00000000ffd00000|100%| O|  |TAMS 0x00000000ffd00000| PB 0x00000000ffc00000| Untracked 
|2045|0x00000000ffd00000, 0x00000000ffe00000, 0x00000000ffe00000|100%| O|  |TAMS 0x00000000ffe00000| PB 0x00000000ffd00000| Untracked 
|2046|0x00000000ffe00000, 0x00000000fff00000, 0x00000000fff00000|100%| O|  |TAMS 0x00000000fff00000| PB 0x00000000ffe00000| Untracked 
|2047|0x00000000fff00000, 0x0000000100000000, 0x0000000100000000|100%| O|  |TAMS 0x0000000100000000| PB 0x00000000fff00000| Untracked 

Card table byte_map: [0x000002aefe110000,0x000002aefe510000] _byte_map_base: 0x000002aefdd10000

Marking Bits: (CMBitMap*) 0x000002aefd998b90
 Bits: [0x000002ae92090000, 0x000002ae94090000)

Polling page: 0x000002aefb780000

Metaspace:

Usage:
  Non-class:     85.93 MB used.
      Class:     13.54 MB used.
       Both:     99.47 MB used.

Virtual space:
  Non-class space:      128.00 MB reserved,      86.88 MB ( 68%) committed,  2 nodes.
      Class space:        1.00 GB reserved,      14.44 MB (  1%) committed,  1 nodes.
             Both:        1.12 GB reserved,     101.31 MB (  9%) committed. 

Chunk freelists:
   Non-Class:  8.89 MB
       Class:  1.45 MB
        Both:  10.34 MB

MaxMetaspaceSize: unlimited
CompressedClassSpaceSize: 1.00 GB
Initial GC threshold: 21.00 MB
Current GC threshold: 148.06 MB
CDS: off
 - commit_granule_bytes: 65536.
 - commit_granule_words: 8192.
 - virtual_space_node_default_size: 8388608.
 - enlarge_chunks_in_place: 1.
 - use_allocation_guard: 0.


Internal statistics:

num_allocs_failed_limit: 6.
num_arena_births: 3428.
num_arena_deaths: 0.
num_vsnodes_births: 3.
num_vsnodes_deaths: 0.
num_space_committed: 1619.
num_space_uncommitted: 0.
num_chunks_returned_to_freelist: 6.
num_chunks_taken_from_freelist: 7427.
num_chunk_merges: 6.
num_chunk_splits: 5065.
num_chunks_enlarged: 3449.
num_inconsistent_stats: 0.

CodeHeap 'non-profiled nmethods': size=120000Kb used=4329Kb max_used=4329Kb free=115670Kb
 bounds [0x000002ae8ab60000, 0x000002ae8afa0000, 0x000002ae92090000]
CodeHeap 'profiled nmethods': size=120000Kb used=14207Kb max_used=14207Kb free=105792Kb
 bounds [0x000002ae83090000, 0x000002ae83e70000, 0x000002ae8a5c0000]
CodeHeap 'non-nmethods': size=5760Kb used=3103Kb max_used=3141Kb free=2656Kb
 bounds [0x000002ae8a5c0000, 0x000002ae8a8e0000, 0x000002ae8ab60000]
 total_blobs=8266 nmethods=7301 adapters=868
 compilation: enabled
              stopped_count=0, restarted_count=0
 full_count=0

Compilation events (20 events):
Event: 8.300 Thread 0x000002aeff0d0fd0 8402       1       kotlin.Triple::component2 (5 bytes)
Event: 8.300 Thread 0x000002aeff0d0fd0 nmethod 8402 0x000002ae8af99d90 code [0x000002ae8af99f20, 0x000002ae8af99fe8]
Event: 8.300 Thread 0x000002aeff0d0fd0 8403       1       kotlin.Triple::getThird (5 bytes)
Event: 8.300 Thread 0x000002aeff0d0fd0 nmethod 8403 0x000002ae8af9a090 code [0x000002ae8af9a220, 0x000002ae8af9a2e8]
Event: 8.300 Thread 0x000002aeff0d0fd0 8399       1       org.jetbrains.kotlin.metadata.ProtoBuf$Class::getTypeTable (5 bytes)
Event: 8.300 Thread 0x000002aeff0d0fd0 nmethod 8399 0x000002ae8af9a390 code [0x000002ae8af9a520, 0x000002ae8af9a5f0]
Event: 8.329 Thread 0x000002aeff0d0fd0 8404       3       org.jetbrains.kotlin.protobuf.CodedOutputStream::writeRawByte (7 bytes)
Event: 8.329 Thread 0x000002aeff0d0fd0 nmethod 8404 0x000002ae83e6de10 code [0x000002ae83e6dfc0, 0x000002ae83e6e100]
Event: 8.329 Thread 0x000002aeff0d0fd0 8405       3       org.jetbrains.kotlin.protobuf.CodedOutputStream::writeRawByte (43 bytes)
Event: 8.329 Thread 0x000002aeff0d0fd0 nmethod 8405 0x000002ae83e6e190 code [0x000002ae83e6e340, 0x000002ae83e6e508]
Event: 8.329 Thread 0x000002aeff0d0fd0 8406       3       org.jetbrains.kotlin.protobuf.CodedOutputStream::computeRawVarint32Size (41 bytes)
Event: 8.329 Thread 0x000002aeff0d0fd0 nmethod 8406 0x000002ae83e6e610 code [0x000002ae83e6e7e0, 0x000002ae83e6ea60]
Event: 8.330 Thread 0x000002aeff0d0fd0 8407       3       java.util.LinkedHashMap::sequencedEntrySet (31 bytes)
Event: 8.331 Thread 0x000002aeff0d0fd0 nmethod 8407 0x000002ae83e6eb10 code [0x000002ae83e6ece0, 0x000002ae83e6f1c8]
Event: 8.331 Thread 0x000002aeff0d0fd0 8408       3       java.util.LinkedHashMap$LinkedEntrySet::iterator (16 bytes)
Event: 8.331 Thread 0x000002aeff0d0fd0 nmethod 8408 0x000002ae83e6f310 code [0x000002ae83e6f4c0, 0x000002ae83e6f6d0]
Event: 8.331 Thread 0x000002aeff0d0fd0 8409       3       java.util.LinkedHashMap::entrySet (5 bytes)
Event: 8.331 Thread 0x000002aeff0d0fd0 nmethod 8409 0x000002ae83e6f810 code [0x000002ae83e6f9c0, 0x000002ae83e6fb18]
Event: 8.331 Thread 0x000002aeff0d0fd0 8410       3       java.util.LinkedHashMap$LinkedEntryIterator::<init> (7 bytes)
Event: 8.331 Thread 0x000002aeff0d0fd0 nmethod 8410 0x000002ae83e6fc10 code [0x000002ae83e6fdc0, 0x000002ae83e6fef8]

GC Heap History (20 events):
Event: 4.464 GC heap after
{Heap after GC invocations=15 (full 0):
 garbage-first heap   total 113664K, used 60215K [0x0000000080000000, 0x0000000100000000)
  region size 1024K, 6 young (6144K), 6 survivors (6144K)
 Metaspace       used 56458K, committed 58048K, reserved 1114112K
  class space    used 7670K, committed 8448K, reserved 1048576K
}
Event: 4.521 GC heap before
{Heap before GC invocations=15 (full 0):
 garbage-first heap   total 113664K, used 66359K [0x0000000080000000, 0x0000000100000000)
  region size 1024K, 14 young (14336K), 6 survivors (6144K)
 Metaspace       used 56583K, committed 58176K, reserved 1114112K
  class space    used 7672K, committed 8448K, reserved 1048576K
}
Event: 4.524 GC heap after
{Heap after GC invocations=16 (full 0):
 garbage-first heap   total 113664K, used 61393K [0x0000000080000000, 0x0000000100000000)
  region size 1024K, 4 young (4096K), 4 survivors (4096K)
 Metaspace       used 56583K, committed 58176K, reserved 1114112K
  class space    used 7672K, committed 8448K, reserved 1048576K
}
Event: 4.760 GC heap before
{Heap before GC invocations=17 (full 0):
 garbage-first heap   total 114688K, used 112593K [0x0000000080000000, 0x0000000100000000)
  region size 1024K, 41 young (41984K), 4 survivors (4096K)
 Metaspace       used 58973K, committed 60608K, reserved 1114112K
  class space    used 7888K, committed 8704K, reserved 1048576K
}
Event: 4.763 GC heap after
{Heap after GC invocations=18 (full 0):
 garbage-first heap   total 120832K, used 76356K [0x0000000080000000, 0x0000000100000000)
  region size 1024K, 6 young (6144K), 6 survivors (6144K)
 Metaspace       used 58973K, committed 60608K, reserved 1114112K
  class space    used 7888K, committed 8704K, reserved 1048576K
}
Event: 5.012 GC heap before
{Heap before GC invocations=18 (full 0):
 garbage-first heap   total 120832K, used 107076K [0x0000000080000000, 0x0000000100000000)
  region size 1024K, 36 young (36864K), 6 survivors (6144K)
 Metaspace       used 62275K, committed 63936K, reserved 1114112K
  class space    used 8361K, committed 9152K, reserved 1048576K
}
Event: 5.016 GC heap after
{Heap after GC invocations=19 (full 0):
 garbage-first heap   total 145408K, used 76868K [0x0000000080000000, 0x0000000100000000)
  region size 1024K, 3 young (3072K), 3 survivors (3072K)
 Metaspace       used 62275K, committed 63936K, reserved 1114112K
  class space    used 8361K, committed 9152K, reserved 1048576K
}
Event: 5.716 GC heap before
{Heap before GC invocations=19 (full 0):
 garbage-first heap   total 145408K, used 122948K [0x0000000080000000, 0x0000000100000000)
  region size 1024K, 49 young (50176K), 3 survivors (3072K)
 Metaspace       used 70277K, committed 72000K, reserved 1114112K
  class space    used 9522K, committed 10368K, reserved 1048576K
}
Event: 5.719 GC heap after
{Heap after GC invocations=20 (full 0):
 garbage-first heap   total 145408K, used 79368K [0x0000000080000000, 0x0000000100000000)
  region size 1024K, 5 young (5120K), 5 survivors (5120K)
 Metaspace       used 70277K, committed 72000K, reserved 1114112K
  class space    used 9522K, committed 10368K, reserved 1048576K
}
Event: 6.206 GC heap before
{Heap before GC invocations=21 (full 0):
 garbage-first heap   total 145408K, used 125448K [0x0000000080000000, 0x0000000100000000)
  region size 1024K, 51 young (52224K), 5 survivors (5120K)
 Metaspace       used 75291K, committed 76992K, reserved 1179648K
  class space    used 10074K, committed 10880K, reserved 1048576K
}
Event: 6.211 GC heap after
{Heap after GC invocations=22 (full 0):
 garbage-first heap   total 145408K, used 83083K [0x0000000080000000, 0x0000000100000000)
  region size 1024K, 7 young (7168K), 7 survivors (7168K)
 Metaspace       used 75291K, committed 76992K, reserved 1179648K
  class space    used 10074K, committed 10880K, reserved 1048576K
}
Event: 6.710 GC heap before
{Heap before GC invocations=22 (full 0):
 garbage-first heap   total 145408K, used 128139K [0x0000000080000000, 0x0000000100000000)
  region size 1024K, 51 young (52224K), 7 survivors (7168K)
 Metaspace       used 80745K, committed 82560K, reserved 1179648K
  class space    used 10874K, committed 11776K, reserved 1048576K
}
Event: 6.716 GC heap after
{Heap after GC invocations=23 (full 0):
 garbage-first heap   total 145408K, used 83650K [0x0000000080000000, 0x0000000100000000)
  region size 1024K, 3 young (3072K), 3 survivors (3072K)
 Metaspace       used 80745K, committed 82560K, reserved 1179648K
  class space    used 10874K, committed 11776K, reserved 1048576K
}
Event: 7.216 GC heap before
{Heap before GC invocations=23 (full 0):
 garbage-first heap   total 145408K, used 129730K [0x0000000080000000, 0x0000000100000000)
  region size 1024K, 48 young (49152K), 3 survivors (3072K)
 Metaspace       used 88735K, committed 90560K, reserved 1179648K
  class space    used 12288K, committed 13184K, reserved 1048576K
}
Event: 7.220 GC heap after
{Heap after GC invocations=24 (full 0):
 garbage-first heap   total 145408K, used 85162K [0x0000000080000000, 0x0000000100000000)
  region size 1024K, 4 young (4096K), 4 survivors (4096K)
 Metaspace       used 88735K, committed 90560K, reserved 1179648K
  class space    used 12288K, committed 13184K, reserved 1048576K
}
Event: 7.818 GC heap before
{Heap before GC invocations=25 (full 0):
 garbage-first heap   total 145408K, used 139434K [0x0000000080000000, 0x0000000100000000)
  region size 1024K, 50 young (51200K), 4 survivors (4096K)
 Metaspace       used 96039K, committed 97920K, reserved 1179648K
  class space    used 13196K, committed 14144K, reserved 1048576K
}
Event: 7.821 GC heap after
{Heap after GC invocations=26 (full 0):
 garbage-first heap   total 145408K, used 86386K [0x0000000080000000, 0x0000000100000000)
  region size 1024K, 5 young (5120K), 5 survivors (5120K)
 Metaspace       used 96039K, committed 97920K, reserved 1179648K
  class space    used 13196K, committed 14144K, reserved 1048576K
}
Event: 8.048 GC heap before
{Heap before GC invocations=26 (full 0):
 garbage-first heap   total 145408K, used 138610K [0x0000000080000000, 0x0000000100000000)
  region size 1024K, 49 young (50176K), 5 survivors (5120K)
 Metaspace       used 97664K, committed 99520K, reserved 1179648K
  class space    used 13372K, committed 14272K, reserved 1048576K
}
Event: 8.063 GC heap after
{Heap after GC invocations=27 (full 0):
 garbage-first heap   total 159744K, used 99923K [0x0000000080000000, 0x0000000100000000)
  region size 1024K, 7 young (7168K), 7 survivors (7168K)
 Metaspace       used 97664K, committed 99520K, reserved 1179648K
  class space    used 13372K, committed 14272K, reserved 1048576K
}
Event: 8.343 GC heap before
{Heap before GC invocations=27 (full 0):
 garbage-first heap   total 159744K, used 131667K [0x0000000080000000, 0x0000000100000000)
  region size 1024K, 39 young (39936K), 7 survivors (7168K)
 Metaspace       used 101853K, committed 103744K, reserved 1179648K
  class space    used 13860K, committed 14784K, reserved 1048576K
}

Dll operation events (3 events):
Event: 0.033 Loaded shared library C:\Program Files\Android\Android Studio\jbr\bin\java.dll
Event: 0.045 Loaded shared library C:\Program Files\Android\Android Studio\jbr\bin\zip.dll
Event: 0.360 Loaded shared library C:\Program Files\Android\Android Studio\jbr\bin\verify.dll

Deoptimization events (20 events):
Event: 8.014 Thread 0x000002ae9c40f6a0 DEOPT PACKING pc=0x000002ae8adbd284 sp=0x000000bb7fdf49e0
Event: 8.014 Thread 0x000002ae9c40f6a0 DEOPT UNPACKING pc=0x000002ae8a617da2 sp=0x000000bb7fdf49a0 mode 2
Event: 8.018 Thread 0x000002ae9c40f6a0 DEOPT PACKING pc=0x000002ae835272ca sp=0x000000bb7fdf4c60
Event: 8.018 Thread 0x000002ae9c40f6a0 DEOPT UNPACKING pc=0x000002ae8a6188e2 sp=0x000000bb7fdf4140 mode 0
Event: 8.021 Thread 0x000002ae9c40f6a0 Uncommon trap: trap_request=0xffffff45 fr.pc=0x000002ae8af79428 relative=0x00000000000008c8
Event: 8.021 Thread 0x000002ae9c40f6a0 Uncommon trap: reason=unstable_if action=reinterpret pc=0x000002ae8af79428 method=org.jetbrains.kotlin.com.intellij.openapi.vfs.impl.ZipEntryMap.get(Ljava/lang/Object;)Lorg/jetbrains/kotlin/com/intellij/openapi/vfs/impl/ArchiveHandler$EntryInfo; @ 61 c2
Event: 8.021 Thread 0x000002ae9c40f6a0 DEOPT PACKING pc=0x000002ae8af79428 sp=0x000000bb7fdf4a00
Event: 8.021 Thread 0x000002ae9c40f6a0 DEOPT UNPACKING pc=0x000002ae8a617da2 sp=0x000000bb7fdf4960 mode 2
Event: 8.089 Thread 0x000002ae9c40f6a0 Uncommon trap: trap_request=0xffffffcc fr.pc=0x000002ae8af7b128 relative=0x0000000000000368
Event: 8.089 Thread 0x000002ae9c40f6a0 Uncommon trap: reason=intrinsic_or_type_checked_inlining action=make_not_entrant pc=0x000002ae8af7b128 method=java.util.ArrayList.toArray([Ljava/lang/Object;)[Ljava/lang/Object; @ 36 c2
Event: 8.089 Thread 0x000002ae9c40f6a0 DEOPT PACKING pc=0x000002ae8af7b128 sp=0x000000bb7fdf38f0
Event: 8.089 Thread 0x000002ae9c40f6a0 DEOPT UNPACKING pc=0x000002ae8a617da2 sp=0x000000bb7fdf38c0 mode 2
Event: 8.260 Thread 0x000002ae9c40f6a0 Uncommon trap: trap_request=0xffffff45 fr.pc=0x000002ae8ad66d70 relative=0x0000000000001470
Event: 8.260 Thread 0x000002ae9c40f6a0 Uncommon trap: reason=unstable_if action=reinterpret pc=0x000002ae8ad66d70 method=java.util.jar.JarFile.getVersionedEntry(Ljava/lang/String;Ljava/util/jar/JarEntry;)Ljava/util/jar/JarEntry; @ 26 c2
Event: 8.260 Thread 0x000002ae9c40f6a0 DEOPT PACKING pc=0x000002ae8ad66d70 sp=0x000000bb7fdf4940
Event: 8.260 Thread 0x000002ae9c40f6a0 DEOPT UNPACKING pc=0x000002ae8a617da2 sp=0x000000bb7fdf4930 mode 2
Event: 8.263 Thread 0x000002ae9c40f6a0 Uncommon trap: trap_request=0xffffff45 fr.pc=0x000002ae8ae4fde4 relative=0x0000000000001024
Event: 8.263 Thread 0x000002ae9c40f6a0 Uncommon trap: reason=unstable_if action=reinterpret pc=0x000002ae8ae4fde4 method=java.util.concurrent.ConcurrentHashMap.putVal(Ljava/lang/Object;Ljava/lang/Object;Z)Ljava/lang/Object; @ 162 c2
Event: 8.263 Thread 0x000002ae9c40f6a0 DEOPT PACKING pc=0x000002ae8ae4fde4 sp=0x000000bb7fdf3ff0
Event: 8.263 Thread 0x000002ae9c40f6a0 DEOPT UNPACKING pc=0x000002ae8a617da2 sp=0x000000bb7fdf3f88 mode 2

Classes loaded (20 events):
Event: 7.867 Loading class java/io/IOError
Event: 7.867 Loading class java/io/IOError done
Event: 7.871 Loading class java/nio/channels/FileChannel$MapMode
Event: 7.871 Loading class java/nio/channels/FileChannel$MapMode done
Event: 7.871 Loading class jdk/internal/misc/ExtendedMapMode
Event: 7.871 Loading class jdk/internal/misc/ExtendedMapMode done
Event: 7.871 Loading class sun/nio/ch/FileChannelImpl$DefaultUnmapper
Event: 7.871 Loading class sun/nio/ch/FileChannelImpl$Unmapper
Event: 7.872 Loading class jdk/internal/access/foreign/UnmapperProxy
Event: 7.872 Loading class jdk/internal/access/foreign/UnmapperProxy done
Event: 7.872 Loading class sun/nio/ch/FileChannelImpl$Unmapper done
Event: 7.872 Loading class sun/nio/ch/FileChannelImpl$DefaultUnmapper done
Event: 7.872 Loading class sun/nio/ch/Util$4
Event: 7.872 Loading class sun/nio/ch/Util$4 done
Event: 7.874 Loading class java/io/UTFDataFormatException
Event: 7.874 Loading class java/io/UTFDataFormatException done
Event: 7.892 Loading class java/util/zip/ZipFile$ZipEntryIterator
Event: 7.893 Loading class java/util/zip/ZipFile$ZipEntryIterator done
Event: 8.029 Loading class java/nio/channels/NonWritableChannelException
Event: 8.029 Loading class java/nio/channels/NonWritableChannelException done

Classes unloaded (0 events):
No events

Classes redefined (0 events):
No events

Internal exceptions (20 events):
Event: 7.140 Thread 0x000002ae9c40f6a0 Exception <a 'sun/nio/fs/WindowsException'{0x0000000086670960}> (0x0000000086670960) 
thrown [s\src\hotspot\share\prims\jni.cpp, line 535]
Event: 7.189 Thread 0x000002ae9c40f6a0 Exception <a 'java/lang/NoSuchMethodError'{0x0000000086230d20}: 'long java.lang.invoke.DirectMethodHandle$Holder.invokeStatic(java.lang.Object)'> (0x0000000086230d20) 
thrown [s\src\hotspot\share\interpreter\linkResolver.cpp, line 784]
Event: 7.189 Thread 0x000002ae9c40f6a0 Exception <a 'java/lang/NoSuchMethodError'{0x00000000862358b0}: 'long java.lang.invoke.DirectMethodHandle$Holder.invokeStaticInit(java.lang.Object)'> (0x00000000862358b0) 
thrown [s\src\hotspot\share\interpreter\linkResolver.cpp, line 784]
Event: 7.268 Thread 0x000002ae9c40f6a0 Exception <a 'java/lang/NoSuchMethodError'{0x000000008e12cbf8}: 'void java.lang.invoke.DirectMethodHandle$Holder.invokeStaticInit(java.lang.Object)'> (0x000000008e12cbf8) 
thrown [s\src\hotspot\share\interpreter\linkResolver.cpp, line 784]
Event: 7.280 Thread 0x000002ae9c40f6a0 Exception <a 'java/lang/NoSuchMethodError'{0x000000008e1afb88}: 'void java.lang.invoke.DelegatingMethodHandle$Holder.reinvoke_L(java.lang.Object, java.lang.Object, java.lang.Object, long, java.lang.Object)'> (0x000000008e1afb88) 
thrown [s\src\hotspot\share\interpreter\linkResolver.cpp, line 784]
Event: 7.281 Thread 0x000002ae9c40f6a0 Exception <a 'java/lang/NoSuchMethodError'{0x000000008e1bea70}: 'void java.lang.invoke.DelegatingMethodHandle$Holder.reinvoke_L(java.lang.Object, java.lang.Object, java.lang.Object, long, long)'> (0x000000008e1bea70) 
thrown [s\src\hotspot\share\interpreter\linkResolver.cpp, line 784]
Event: 7.281 Thread 0x000002ae9c40f6a0 Exception <a 'java/lang/NoSuchMethodError'{0x000000008e1c6f08}: 'java.lang.Object java.lang.invoke.DirectMethodHandle$Holder.invokeSpecial(java.lang.Object, java.lang.Object, java.lang.Object, java.lang.Object, long)'> (0x000000008e1c6f08) 
thrown [s\src\hotspot\share\interpreter\linkResolver.cpp, line 784]
Event: 7.281 Thread 0x000002ae9c40f6a0 Exception <a 'java/lang/NoSuchMethodError'{0x000000008e1d6d98}: 'int java.lang.invoke.DelegatingMethodHandle$Holder.reinvoke_L(java.lang.Object, java.lang.Object, java.lang.Object, long, java.lang.Object, java.lang.Object)'> (0x000000008e1d6d98) 
thrown [s\src\hotspot\share\interpreter\linkResolver.cpp, line 784]
Event: 7.281 Thread 0x000002ae9c40f6a0 Exception <a 'java/lang/NoSuchMethodError'{0x000000008e1e6538}: 'int java.lang.invoke.DelegatingMethodHandle$Holder.reinvoke_L(java.lang.Object, java.lang.Object, java.lang.Object, long, int, int)'> (0x000000008e1e6538) 
thrown [s\src\hotspot\share\interpreter\linkResolver.cpp, line 784]
Event: 7.282 Thread 0x000002ae9c40f6a0 Exception <a 'java/lang/NoSuchMethodError'{0x000000008e1f5a88}: 'int java.lang.invoke.DelegatingMethodHandle$Holder.reinvoke_L(java.lang.Object, java.lang.Object, java.lang.Object, long, long, long)'> (0x000000008e1f5a88) 
thrown [s\src\hotspot\share\interpreter\linkResolver.cpp, line 784]
Event: 7.282 Thread 0x000002ae9c40f6a0 Exception <a 'java/lang/NoSuchMethodError'{0x000000008e004f00}: 'int java.lang.invoke.DelegatingMethodHandle$Holder.reinvoke_L(java.lang.Object, java.lang.Object, java.lang.Object, long, int)'> (0x000000008e004f00) 
thrown [s\src\hotspot\share\interpreter\linkResolver.cpp, line 784]
Event: 7.282 Thread 0x000002ae9c40f6a0 Exception <a 'java/lang/NoSuchMethodError'{0x000000008e017020}: 'long java.lang.invoke.DelegatingMethodHandle$Holder.reinvoke_L(java.lang.Object, java.lang.Object, java.lang.Object, long)'> (0x000000008e017020) 
thrown [s\src\hotspot\share\interpreter\linkResolver.cpp, line 784]
Event: 7.283 Thread 0x000002ae9c40f6a0 Exception <a 'java/lang/NoSuchMethodError'{0x000000008e02a248}: 'void java.lang.invoke.DelegatingMethodHandle$Holder.reinvoke_L(java.lang.Object, java.lang.Object, java.lang.Object, long, java.lang.Object, long, long)'> (0x000000008e02a248) 
thrown [s\src\hotspot\share\interpreter\linkResolver.cpp, line 784]
Event: 7.715 Thread 0x000002ae9c40f6a0 Exception <a 'java/lang/NoSuchMethodError'{0x0000000086bc7c18}: 'java.lang.Object java.lang.invoke.DirectMethodHandle$Holder.invokeStatic(java.lang.Object, java.lang.Object, java.lang.Object, java.lang.Object, int, java.lang.Object)'> (0x0000000086bc7c18) 
thrown [s\src\hotspot\share\interpreter\linkResolver.cpp, line 784]
Event: 7.848 Thread 0x000002ae9c40f6a0 Exception <a 'java/lang/NoSuchMethodError'{0x000000008e187f08}: 'java.lang.Object java.lang.invoke.Invokers$Holder.invokeExact_MT(java.lang.Object, java.lang.Object, long, java.lang.Object)'> (0x000000008e187f08) 
thrown [s\src\hotspot\share\interpreter\linkResolver.cpp, line 784]
Event: 7.872 Thread 0x000002ae9c40f6a0 Exception <a 'java/lang/NoSuchMethodError'{0x000000008dfc68a8}: 'long java.lang.invoke.DirectMethodHandle$Holder.invokeStatic(java.lang.Object, java.lang.Object, int)'> (0x000000008dfc68a8) 
thrown [s\src\hotspot\share\interpreter\linkResolver.cpp, line 784]
Event: 7.872 Thread 0x000002ae9c40f6a0 Exception <a 'java/lang/NoSuchMethodError'{0x000000008dfd2f40}: 'java.lang.Object java.lang.invoke.DelegatingMethodHandle$Holder.reinvoke_L(java.lang.Object, int, long, java.lang.Object, java.lang.Object, int, java.lang.Object)'> (0x000000008dfd2f40) 
thrown [s\src\hotspot\share\interpreter\linkResolver.cpp, line 784]
Event: 7.893 Thread 0x000002ae9c40f6a0 Implicit null exception at 0x000002ae8ad82ee6 to 0x000002ae8ad83a94
Event: 8.008 Thread 0x000002ae9c40f6a0 Implicit null exception at 0x000002ae8af69b27 to 0x000002ae8af6a190
Event: 8.011 Thread 0x000002ae9c40f6a0 Implicit null exception at 0x000002ae8af72e73 to 0x000002ae8af75030

ZGC Phase Switch (0 events):
No events

VM Operations (20 events):
Event: 7.198 Executing VM operation: HandshakeAllThreads (Deoptimize) done
Event: 7.216 Executing VM operation: G1CollectForAllocation (G1 Evacuation Pause)
Event: 7.220 Executing VM operation: G1CollectForAllocation (G1 Evacuation Pause) done
Event: 7.259 Executing VM operation: G1PauseRemark
Event: 7.262 Executing VM operation: G1PauseRemark done
Event: 7.280 Executing VM operation: G1PauseCleanup
Event: 7.280 Executing VM operation: G1PauseCleanup done
Event: 7.339 Executing VM operation: HandshakeAllThreads (Deoptimize)
Event: 7.339 Executing VM operation: HandshakeAllThreads (Deoptimize) done
Event: 7.341 Executing VM operation: HandshakeAllThreads (Deoptimize)
Event: 7.341 Executing VM operation: HandshakeAllThreads (Deoptimize) done
Event: 7.778 Executing VM operation: HandshakeAllThreads (Deoptimize)
Event: 7.778 Executing VM operation: HandshakeAllThreads (Deoptimize) done
Event: 7.808 Executing VM operation: HandshakeAllThreads (Deoptimize)
Event: 7.808 Executing VM operation: HandshakeAllThreads (Deoptimize) done
Event: 7.818 Executing VM operation: G1CollectForAllocation (G1 Evacuation Pause)
Event: 7.821 Executing VM operation: G1CollectForAllocation (G1 Evacuation Pause) done
Event: 8.048 Executing VM operation: G1CollectForAllocation (G1 Evacuation Pause)
Event: 8.063 Executing VM operation: G1CollectForAllocation (G1 Evacuation Pause) done
Event: 8.343 Executing VM operation: G1TryInitiateConcMark (G1 Humongous Allocation)

Memory protections (0 events):
No events

Nmethod flushes (20 events):
Event: 7.261 Thread 0x000002aeff01cfe0 flushing  nmethod 0x000002ae834c5f10
Event: 7.261 Thread 0x000002aeff01cfe0 flushing  nmethod 0x000002ae834ca710
Event: 7.261 Thread 0x000002aeff01cfe0 flushing  nmethod 0x000002ae83501510
Event: 7.261 Thread 0x000002aeff01cfe0 flushing  nmethod 0x000002ae837d7c10
Event: 7.261 Thread 0x000002aeff01cfe0 flushing  nmethod 0x000002ae839a5e10
Event: 7.261 Thread 0x000002aeff01cfe0 flushing  nmethod 0x000002ae839a8610
Event: 7.261 Thread 0x000002aeff01cfe0 flushing  nmethod 0x000002ae83a95710
Event: 7.261 Thread 0x000002aeff01cfe0 flushing  nmethod 0x000002ae83a96290
Event: 7.261 Thread 0x000002aeff01cfe0 flushing  nmethod 0x000002ae8ad33d90
Event: 7.261 Thread 0x000002aeff01cfe0 flushing  nmethod 0x000002ae830c6c10
Event: 7.261 Thread 0x000002aeff01cfe0 flushing  nmethod 0x000002ae83240610
Event: 7.261 Thread 0x000002aeff01cfe0 flushing  nmethod 0x000002ae832e7190
Event: 7.261 Thread 0x000002aeff01cfe0 flushing  nmethod 0x000002ae8366bf90
Event: 7.261 Thread 0x000002aeff01cfe0 flushing  nmethod 0x000002ae8366c410
Event: 7.261 Thread 0x000002aeff01cfe0 flushing  nmethod 0x000002ae836a7990
Event: 7.261 Thread 0x000002aeff01cfe0 flushing  nmethod 0x000002ae83774f10
Event: 7.261 Thread 0x000002aeff01cfe0 flushing  nmethod 0x000002ae83777c10
Event: 7.261 Thread 0x000002aeff01cfe0 flushing  nmethod 0x000002ae83778090
Event: 7.261 Thread 0x000002aeff01cfe0 flushing  nmethod 0x000002ae8377b110
Event: 7.261 Thread 0x000002aeff01cfe0 flushing  nmethod 0x000002ae83873610

Events (20 events):
Event: 4.406 Thread 0x000002ae9c40f6a0 Thread added: 0x000002aea0bd2ca0
Event: 4.406 Thread 0x000002ae9c40f6a0 Thread added: 0x000002aea0bd3330
Event: 4.431 Thread 0x000002ae9c40f6a0 Thread added: 0x000002aea0bd39c0
Event: 4.432 Thread 0x000002ae9c40f6a0 Thread added: 0x000002aea0bd4d70
Event: 4.432 Thread 0x000002ae9c40f6a0 Thread added: 0x000002aea0bd1f80
Event: 4.433 Thread 0x000002ae9c40f6a0 Thread added: 0x000002aea0bd18f0
Event: 4.433 Thread 0x000002ae9c40f6a0 Thread added: 0x000002aea0bd4050
Event: 4.433 Thread 0x000002ae9c40f6a0 Thread added: 0x000002aea0bd5a90
Event: 4.434 Thread 0x000002ae9c40f6a0 Thread added: 0x000002aea0bd2610
Event: 5.235 Thread 0x000002ae96366810 Thread exited: 0x000002ae96366810
Event: 5.336 Thread 0x000002aeff0d0fd0 Thread added: 0x000002ae9d2d8370
Event: 5.802 Thread 0x000002ae9d2d8370 Thread exited: 0x000002ae9d2d8370
Event: 5.894 Thread 0x000002aeff0d0fd0 Thread added: 0x000002ae9d9527d0
Event: 6.608 Thread 0x000002ae9c40f6a0 Thread added: 0x000002aea0bd81f0
Event: 6.932 Thread 0x000002ae9d9527d0 Thread exited: 0x000002ae9d9527d0
Event: 6.968 Thread 0x000002ae96129170 Thread exited: 0x000002ae96129170
Event: 7.908 Thread 0x000002aeff0ccf10 Thread added: 0x000002ae9c9d3880
Event: 7.915 Thread 0x000002aeff0ccf10 Thread added: 0x000002ae9b7d9610
Event: 8.217 Thread 0x000002ae9b7d9610 Thread exited: 0x000002ae9b7d9610
Event: 8.221 Thread 0x000002ae9c9d3880 Thread exited: 0x000002ae9c9d3880


Dynamic libraries:
0x00007ff729da0000 - 0x00007ff729daa000 	C:\Program Files\Android\Android Studio\jbr\bin\java.exe
0x00007ffad4220000 - 0x00007ffad4487000 	C:\WINDOWS\SYSTEM32\ntdll.dll
0x00007ffad28e0000 - 0x00007ffad29a9000 	C:\WINDOWS\System32\KERNEL32.DLL
0x00007ffad1400000 - 0x00007ffad17f0000 	C:\WINDOWS\System32\KERNELBASE.dll
0x00007ffad1980000 - 0x00007ffad1acb000 	C:\WINDOWS\System32\ucrtbase.dll
0x00007ffa71290000 - 0x00007ffa712ab000 	C:\Program Files\Android\Android Studio\jbr\bin\VCRUNTIME140.dll
0x00007ffacba40000 - 0x00007ffacba58000 	C:\Program Files\Android\Android Studio\jbr\bin\jli.dll
0x00007ffad2e80000 - 0x00007ffad3045000 	C:\WINDOWS\System32\USER32.dll
0x00007ffad1e00000 - 0x00007ffad1e27000 	C:\WINDOWS\System32\win32u.dll
0x00007ffad3e70000 - 0x00007ffad3e9b000 	C:\WINDOWS\System32\GDI32.dll
0x00007ffaaf020000 - 0x00007ffaaf2ba000 	C:\WINDOWS\WinSxS\amd64_microsoft.windows.common-controls_6595b64144ccf1df_6.0.26100.4768_none_3e0c112ce331287c\COMCTL32.dll
0x00007ffad1ad0000 - 0x00007ffad1c08000 	C:\WINDOWS\System32\gdi32full.dll
0x00007ffad2dd0000 - 0x00007ffad2e79000 	C:\WINDOWS\System32\msvcrt.dll
0x00007ffad1350000 - 0x00007ffad13f3000 	C:\WINDOWS\System32\msvcp_win.dll
0x00007ffad2230000 - 0x00007ffad225f000 	C:\WINDOWS\System32\IMM32.DLL
0x0000000065540000 - 0x000000006554c000 	C:\Program Files (x86)\360\Total Security\safemon\SafeWrapper.dll
0x00007ffad2320000 - 0x00007ffad23d4000 	C:\WINDOWS\System32\ADVAPI32.dll
0x00007ffad2270000 - 0x00007ffad2316000 	C:\WINDOWS\System32\sechost.dll
0x00007ffad33e0000 - 0x00007ffad34f8000 	C:\WINDOWS\System32\RPCRT4.dll
0x00007ffab55c0000 - 0x00007ffab566c000 	C:\Program Files (x86)\360\Total Security\safemon\libzdtp64.dll
0x00007ffad3500000 - 0x00007ffad3c4d000 	C:\WINDOWS\System32\SHELL32.dll
0x00007ffad1e30000 - 0x00007ffad1fa3000 	C:\WINDOWS\System32\wintypes.dll
0x00007ffad3050000 - 0x00007ffad33d5000 	C:\WINDOWS\System32\combase.dll
0x00007ffad2a40000 - 0x00007ffad2aaa000 	C:\WINDOWS\System32\SHLWAPI.dll
0x00007ffad0c80000 - 0x00007ffad0c8b000 	C:\WINDOWS\SYSTEM32\VERSION.dll
0x00007ffac9cd0000 - 0x00007ffac9cdc000 	C:\Program Files\Android\Android Studio\jbr\bin\vcruntime140_1.dll
0x00007ffac8d80000 - 0x00007ffac8e0d000 	C:\Program Files\Android\Android Studio\jbr\bin\msvcp140.dll
0x00007ffa66cc0000 - 0x00007ffa6794b000 	C:\Program Files\Android\Android Studio\jbr\bin\server\jvm.dll
0x00007ffad21a0000 - 0x00007ffad2214000 	C:\WINDOWS\System32\WS2_32.dll
0x00007ffac8260000 - 0x00007ffac8295000 	C:\WINDOWS\SYSTEM32\WINMM.dll
0x00007ffad11b0000 - 0x00007ffad120e000 	C:\WINDOWS\SYSTEM32\POWRPROF.dll
0x00007ffad1190000 - 0x00007ffad11a4000 	C:\WINDOWS\SYSTEM32\UMPDC.dll
0x00007ffad0060000 - 0x00007ffad007b000 	C:\WINDOWS\SYSTEM32\kernel.appcore.dll
0x00007ffa910c0000 - 0x00007ffa910ca000 	C:\Program Files\Android\Android Studio\jbr\bin\jimage.dll
0x00007fface890000 - 0x00007ffacead1000 	C:\WINDOWS\SYSTEM32\DBGHELP.DLL
0x00007ffad40a0000 - 0x00007ffad4180000 	C:\WINDOWS\System32\OLEAUT32.dll
0x00007ffaa2c30000 - 0x00007ffaa2c73000 	C:\WINDOWS\SYSTEM32\dbgcore.DLL
0x00007ffad1ca0000 - 0x00007ffad1d39000 	C:\WINDOWS\System32\bcryptPrimitives.dll
0x00007ffacba30000 - 0x00007ffacba3e000 	C:\Program Files\Android\Android Studio\jbr\bin\instrument.dll
0x00007ffa68e20000 - 0x00007ffa68e40000 	C:\Program Files\Android\Android Studio\jbr\bin\java.dll
0x00007ffa68e00000 - 0x00007ffa68e18000 	C:\Program Files\Android\Android Studio\jbr\bin\zip.dll
0x00007ffaceee0000 - 0x00007ffacf740000 	C:\WINDOWS\SYSTEM32\windows.storage.dll
0x00007ffad3fa0000 - 0x00007ffad4095000 	C:\WINDOWS\System32\SHCORE.dll
0x00007ffad1270000 - 0x00007ffad1299000 	C:\WINDOWS\SYSTEM32\profapi.dll
0x00007ffa90b10000 - 0x00007ffa90b20000 	C:\Program Files\Android\Android Studio\jbr\bin\net.dll
0x00007ffabe250000 - 0x00007ffabe36e000 	C:\WINDOWS\SYSTEM32\WINHTTP.dll
0x00007ffad05f0000 - 0x00007ffad065b000 	C:\WINDOWS\system32\mswsock.dll
0x00007ffa68de0000 - 0x00007ffa68df6000 	C:\Program Files\Android\Android Studio\jbr\bin\nio.dll
0x00007ffa8d260000 - 0x00007ffa8d270000 	C:\Program Files\Android\Android Studio\jbr\bin\verify.dll
0x00007ffac9c20000 - 0x00007ffac9c47000 	C:\Users\hp\.gradle\native\c067742578af261105cb4f569cf0c3c89f3d7b1fecec35dd04571415982c5e48\windows-amd64\native-platform.dll
0x00007ffa94490000 - 0x00007ffa945d4000 	C:\Users\hp\.gradle\native\100fb08df4bc3b14c8652ba06237920a3bd2aa13389f12d3474272988ae205f9\windows-amd64\native-platform-file-events.dll
0x00007ffa8fa80000 - 0x00007ffa8fa89000 	C:\Program Files\Android\Android Studio\jbr\bin\management.dll
0x00007ffa8d8f0000 - 0x00007ffa8d8fb000 	C:\Program Files\Android\Android Studio\jbr\bin\management_ext.dll
0x00007ffad2ab0000 - 0x00007ffad2ab8000 	C:\WINDOWS\System32\PSAPI.DLL
0x00007ffad08b0000 - 0x00007ffad08cb000 	C:\WINDOWS\SYSTEM32\CRYPTSP.dll
0x00007ffacffc0000 - 0x00007ffacfffb000 	C:\WINDOWS\system32\rsaenh.dll
0x00007ffad0690000 - 0x00007ffad06bb000 	C:\WINDOWS\SYSTEM32\USERENV.dll
0x00007ffad1240000 - 0x00007ffad1266000 	C:\WINDOWS\SYSTEM32\bcrypt.dll
0x00007ffad08d0000 - 0x00007ffad08dc000 	C:\WINDOWS\SYSTEM32\CRYPTBASE.dll
0x00007ffacfb20000 - 0x00007ffacfb53000 	C:\WINDOWS\SYSTEM32\IPHLPAPI.DLL
0x00007ffad2440000 - 0x00007ffad244a000 	C:\WINDOWS\System32\NSI.dll
0x00007ffa905e0000 - 0x00007ffa905e9000 	C:\Program Files\Android\Android Studio\jbr\bin\extnet.dll
0x00007ffaa7e20000 - 0x00007ffaa7e28000 	C:\WINDOWS\system32\wshunix.dll

dbghelp: loaded successfully - version: 4.0.5 - missing functions: none
symbol engine: initialized successfully - sym options: 0x614 - pdb path: .;C:\Program Files\Android\Android Studio\jbr\bin;C:\WINDOWS\SYSTEM32;C:\WINDOWS\WinSxS\amd64_microsoft.windows.common-controls_6595b64144ccf1df_6.0.26100.4768_none_3e0c112ce331287c;C:\Program Files (x86)\360\Total Security\safemon;C:\Program Files\Android\Android Studio\jbr\bin\server;C:\Users\hp\.gradle\native\c067742578af261105cb4f569cf0c3c89f3d7b1fecec35dd04571415982c5e48\windows-amd64;C:\Users\hp\.gradle\native\100fb08df4bc3b14c8652ba06237920a3bd2aa13389f12d3474272988ae205f9\windows-amd64

VM Arguments:
jvm_args: --add-opens=java.base/java.lang=ALL-UNNAMED --add-opens=java.base/java.lang.invoke=ALL-UNNAMED --add-opens=java.base/java.util=ALL-UNNAMED --add-opens=java.prefs/java.util.prefs=ALL-UNNAMED --add-exports=jdk.compiler/com.sun.tools.javac.api=ALL-UNNAMED --add-exports=jdk.compiler/com.sun.tools.javac.util=ALL-UNNAMED --add-opens=java.base/java.util=ALL-UNNAMED --add-opens=java.prefs/java.util.prefs=ALL-UNNAMED --add-opens=java.base/java.nio.charset=ALL-UNNAMED --add-opens=java.base/java.net=ALL-UNNAMED --add-opens=java.base/java.util.concurrent.atomic=ALL-UNNAMED --add-opens=java.xml/javax.xml.namespace=ALL-UNNAMED -Xmx2048m -Dfile.encoding=UTF-8 -Duser.country=US -Duser.language=en -Duser.variant -javaagent:C:\Users\hp\.gradle\wrapper\dists\gradle-8.11.1-bin\bpt9gzteqjrbo1mjrsomdt32c\gradle-8.11.1\lib\agents\gradle-instrumentation-agent-8.11.1.jar 
java_command: org.gradle.launcher.daemon.bootstrap.GradleDaemon 8.11.1
java_class_path (initial): C:\Users\hp\.gradle\wrapper\dists\gradle-8.11.1-bin\bpt9gzteqjrbo1mjrsomdt32c\gradle-8.11.1\lib\gradle-daemon-main-8.11.1.jar
Launcher Type: SUN_STANDARD

[Global flags]
     intx CICompilerCount                          = 4                                         {product} {ergonomic}
     uint ConcGCThreads                            = 2                                         {product} {ergonomic}
     uint G1ConcRefinementThreads                  = 8                                         {product} {ergonomic}
   size_t G1HeapRegionSize                         = 1048576                                   {product} {ergonomic}
    uintx GCDrainStackTargetSize                   = 64                                        {product} {ergonomic}
   size_t InitialHeapSize                          = 264241152                                 {product} {ergonomic}
   size_t MarkStackSize                            = 4194304                                   {product} {ergonomic}
   size_t MaxHeapSize                              = 2147483648                                {product} {command line}
   size_t MaxNewSize                               = 1287651328                                {product} {ergonomic}
   size_t MinHeapDeltaBytes                        = 1048576                                   {product} {ergonomic}
   size_t MinHeapSize                              = 8388608                                   {product} {ergonomic}
    uintx NonNMethodCodeHeapSize                   = 5839372                                {pd product} {ergonomic}
    uintx NonProfiledCodeHeapSize                  = 122909434                              {pd product} {ergonomic}
    uintx ProfiledCodeHeapSize                     = 122909434                              {pd product} {ergonomic}
    uintx ReservedCodeCacheSize                    = 251658240                              {pd product} {ergonomic}
     bool SegmentedCodeCache                       = true                                      {product} {ergonomic}
   size_t SoftMaxHeapSize                          = 2147483648                             {manageable} {ergonomic}
     bool UseCompressedOops                        = true                           {product lp64_product} {ergonomic}
     bool UseG1GC                                  = true                                      {product} {ergonomic}
     bool UseLargePagesIndividualAllocation        = false                                  {pd product} {ergonomic}

Logging:
Log output configuration:
 #0: stdout all=warning uptime,level,tags foldmultilines=false
 #1: stderr all=off uptime,level,tags foldmultilines=false

Environment Variables:
PATH=C:\Program Files\Common Files\Oracle\Java\javapath;C:\WINDOWS\system32;C:\WINDOWS;C:\WINDOWS\System32\Wbem;C:\WINDOWS\System32\WindowsPowerShell\v1.0\;C:\WINDOWS\System32\OpenSSH\;C:\Program Files\dotnet\;C:\Program Files\Microsoft SQL Server\150\Tools\Binn\;C:\Program Files\Microsoft SQL Server\Client SDK\ODBC\170\Tools\Binn\;C:\Users\hp\AppData\Local\Microsoft\WindowsApps;;C:\Program Files\JetBrains\IntelliJ IDEA Community Edition 2024.3.5\bin;;C:\Users\hp\.dotnet\tools
USERNAME=hp
OS=Windows_NT
PROCESSOR_IDENTIFIER=Intel64 Family 6 Model 140 Stepping 1, GenuineIntel
TMP=C:\Users\hp\AppData\Local\Temp
TEMP=C:\Users\hp\AppData\Local\Temp




Periodic native trim disabled

JNI global refs:
JNI global refs: 26, weak refs: 0

JNI global refs memory usage: 835, weak refs: 833

Process memory usage:
Resident Set Size: 452584K (2% of 16499112K total physical memory with 5862336K free physical memory)

OOME stack traces (most recent first):
Classloader memory used:
Loader org.gradle.internal.classloader.VisitableURLClassLoader                         : 57979K
Loader bootstrap                                                                       : 23590K
Loader org.gradle.initialization.MixInLegacyTypesClassLoader                           : 9479K
Loader jdk.internal.loader.ClassLoaders$AppClassLoader                                 : 7840K
Loader org.gradle.internal.classloader.VisitableURLClassLoader                         : 892K
Loader org.gradle.internal.classloader.VisitableURLClassLoader$InstrumentingVisitableURLClassLoader: 726K
Loader jdk.internal.loader.ClassLoaders$PlatformClassLoader                            : 689K
Loader jdk.internal.jrtfs.JrtFileSystemProvider$JrtFsLoader                            : 306K
Loader jdk.internal.reflect.DelegatingClassLoader                                      : 211K
Loader org.gradle.groovy.scripts.internal.DefaultScriptCompilationHandler$ScriptClassLoader: 91440B
Loader org.codehaus.groovy.runtime.callsite.CallSiteClassLoader                        : 49608B

Classes loaded by more than one classloader:
Class org.gradle.api.GradleException                                                  : loaded 3 times (x 78B)
Class org.gradle.internal.classloader.FilteringClassLoader                            : loaded 2 times (x 101B)
Class jdk.internal.jimage.BasicImageReader                                            : loaded 2 times (x 91B)
Class org.gradle.internal.classloader.ClassLoaderHierarchy                            : loaded 2 times (x 66B)
Class org.gradle.api.internal.classpath.ManifestUtil                                  : loaded 2 times (x 67B)
Class org.jetbrains.plugins.gradle.model.GradleExtensions                             : loaded 2 times (x 66B)
Class org.jetbrains.plugins.gradle.model.AnnotationProcessingModel                    : loaded 2 times (x 66B)
Class jdk.internal.jimage.decompressor.StringSharingDecompressorFactory               : loaded 2 times (x 70B)
Class org.gradle.internal.operations.MultipleBuildOperationFailures                   : loaded 2 times (x 91B)
Class org.jetbrains.kotlin.idea.gradleTooling.model.noarg.NoArgModel                  : loaded 2 times (x 66B)
Class org.gradle.internal.classloader.DefaultClassLoaderFactory                       : loaded 2 times (x 78B)
Class kotlin.collections.AbstractList$Companion                                       : loaded 2 times (x 67B)
Class org.gradle.internal.classloader.ClassLoaderVisitor                              : loaded 2 times (x 72B)
Class org.gradle.api.internal.classpath.EffectiveClassPath                            : loaded 2 times (x 86B)
Class org.gradle.tooling.internal.gradle.DefaultProjectIdentifier                     : loaded 2 times (x 82B)
Class org.jetbrains.kotlin.idea.gradleTooling.model.allopen.AllOpenModel              : loaded 2 times (x 66B)
Class org.gradle.api.internal.DefaultClassPathProvider                                : loaded 2 times (x 72B)
Class [Lorg.gradle.api.internal.ClassPathProvider;                                    : loaded 2 times (x 65B)
Class org.gradle.api.internal.ClassPathProvider                                       : loaded 2 times (x 66B)
Class jdk.internal.jrtfs.SystemImage                                                  : loaded 2 times (x 70B)
Class org.gradle.internal.service.UnknownServiceException                             : loaded 2 times (x 79B)
Class org.jetbrains.kotlin.idea.gradleTooling.KotlinDslScriptAdditionalTask           : loaded 2 times (x 66B)
Class jdk.internal.jimage.ImageReader$LinkNode                                        : loaded 2 times (x 80B)
Class org.gradle.internal.classpath.TransformedClassPath                              : loaded 2 times (x 92B)
Class org.gradle.internal.classloader.InstrumentingClassLoader                        : loaded 2 times (x 66B)
Class jdk.internal.jrtfs.SystemImage$1                                                : loaded 2 times (x 74B)
Class kotlin.enums.EnumEntriesList                                                    : loaded 2 times (x 219B)
Class jdk.internal.jrtfs.SystemImage$2                                                : loaded 2 times (x 72B)
Class org.jetbrains.plugins.gradle.model.IntelliJSettings                             : loaded 2 times (x 66B)
Class org.jetbrains.kotlin.idea.gradleTooling.KotlinSourceSetContainer                : loaded 2 times (x 66B)
Class ijInit1_eritn8yobol1b8zl4h3rakar5                                               : loaded 2 times (x 175B)
Class org.gradle.internal.service.ServiceLocator                                      : loaded 2 times (x 66B)
Class jdk.internal.jrtfs.JrtFileSystemProvider                                        : loaded 2 times (x 97B)
Class org.jetbrains.kotlin.android.synthetic.idea.AndroidExtensionsGradleModel        : loaded 2 times (x 66B)
Class org.gradle.tooling.model.UnsupportedMethodException                             : loaded 2 times (x 78B)
Class jdk.internal.jimage.ImageLocation                                               : loaded 2 times (x 86B)
Class jdk.internal.jrtfs.JrtDirectoryStream$1                                         : loaded 2 times (x 79B)
Class org.gradle.internal.InternalTransformer                                         : loaded 2 times (x 66B)
Class jdk.internal.jimage.ImageBufferCache$1                                          : loaded 2 times (x 79B)
Class org.gradle.internal.time.DefaultTimer                                           : loaded 2 times (x 76B)
Class org.gradle.internal.classloader.ClasspathUtil$1                                 : loaded 2 times (x 72B)
Class jdk.internal.jimage.ImageBufferCache$2                                          : loaded 2 times (x 87B)
Class org.gradle.api.internal.classpath.DefaultModuleRegistry$DefaultModule           : loaded 2 times (x 82B)
Class org.jetbrains.kotlin.idea.gradleTooling.model.lombok.LombokModel                : loaded 2 times (x 66B)
Class org.gradle.internal.time.DefaultCountdownTimer                                  : loaded 2 times (x 84B)
Class org.gradle.tooling.internal.gradle.DefaultBuildIdentifier                       : loaded 2 times (x 75B)
Class kotlin.Function                                                                 : loaded 2 times (x 66B)
Class org.gradle.api.internal.classpath.Module                                        : loaded 2 times (x 66B)
Class org.gradle.api.internal.classpath.UnknownModuleException                        : loaded 2 times (x 78B)
Class jdk.internal.jimage.ImageHeader                                                 : loaded 2 times (x 67B)
Class com.intellij.openapi.externalSystem.model.project.dependencies.ProjectDependencies: loaded 2 times (x 66B)
Class org.gradle.tooling.internal.gradle.GradleProjectIdentity                        : loaded 2 times (x 66B)
Class org.gradle.api.internal.DefaultClassPathRegistry                                : loaded 2 times (x 72B)
Class org.gradle.api.internal.ClassPathRegistry                                       : loaded 2 times (x 66B)
Class org.gradle.internal.classpath.DefaultClassPath$ImmutableUniqueList              : loaded 2 times (x 195B)
Class jdk.internal.jimage.decompressor.ResourceDecompressor                           : loaded 2 times (x 66B)
Class Settings_gradle$1                                                               : loaded 2 times (x 70B)
Class Program                                                                         : loaded 2 times (x 68B)
Class org.gradle.internal.classpath.ClassPath                                         : loaded 2 times (x 66B)
Class org.gradle.api.UncheckedIOException                                             : loaded 2 times (x 78B)
Class org.jetbrains.kotlin.idea.gradleTooling.KotlinGradleModel                       : loaded 2 times (x 66B)
Class jdk.internal.jimage.ImageStringsReader                                          : loaded 2 times (x 76B)
Class org.gradle.tooling.model.Model                                                  : loaded 2 times (x 66B)
Class kotlin.UninitializedPropertyAccessException                                     : loaded 2 times (x 78B)
Class jdk.internal.jimage.ImageReader                                                 : loaded 2 times (x 71B)
Class org.jetbrains.plugins.gradle.model.IntelliJProjectSettings                      : loaded 2 times (x 66B)
Class org.jetbrains.kotlin.idea.gradleTooling.model.annotation.AnnotationBasedPluginModel: loaded 2 times (x 66B)
Class jdk.internal.jimage.ImageReader$SharedImageReader                               : loaded 2 times (x 91B)
Class org.gradle.internal.installation.GradleInstallation$1                           : loaded 2 times (x 71B)
Class org.gradle.api.internal.classpath.ModuleRegistry                                : loaded 2 times (x 66B)
Class jdk.internal.jimage.decompressor.ResourceDecompressorFactory                    : loaded 2 times (x 70B)
Class org.jetbrains.plugins.gradle.model.VersionCatalogsModel                         : loaded 2 times (x 66B)
Class jdk.internal.jimage.ImageReader$Node                                            : loaded 2 times (x 80B)
Class org.gradle.api.internal.classpath.DefaultModuleRegistry                         : loaded 2 times (x 82B)
Class jdk.internal.jimage.BasicImageReader$1                                          : loaded 2 times (x 73B)
Class jdk.internal.jimage.decompressor.Decompressor                                   : loaded 2 times (x 68B)
Class jdk.internal.jimage.ImageReader$Resource                                        : loaded 2 times (x 80B)
Class org.gradle.internal.time.MonotonicClock                                         : loaded 2 times (x 73B)
Class org.gradle.internal.service.ServiceLookupException                              : loaded 2 times (x 78B)
Class jdk.internal.jrtfs.JrtFileAttributes                                            : loaded 2 times (x 79B)
Class org.gradle.internal.classloader.ClassLoaderFactory                              : loaded 2 times (x 66B)
Class org.gradle.internal.service.CachingServiceLocator                               : loaded 2 times (x 78B)
Class org.jetbrains.plugins.gradle.model.RepositoryModels                             : loaded 2 times (x 66B)
Class org.gradle.internal.time.TimeSource                                             : loaded 2 times (x 66B)
Class org.gradle.tooling.internal.gradle.GradleBuildIdentity                          : loaded 2 times (x 66B)
Class kotlin.enums.EnumEntries                                                        : loaded 2 times (x 66B)
Class org.gradle.internal.exceptions.ResolutionProvider                               : loaded 2 times (x 66B)
Class jdk.internal.jimage.ImageBufferCache                                            : loaded 2 times (x 67B)
Class jdk.internal.jrtfs.JrtPath                                                      : loaded 2 times (x 114B)
Class org.gradle.tooling.model.ProjectIdentifier                                      : loaded 2 times (x 66B)
Class org.gradle.internal.classloader.ClasspathUtil                                   : loaded 2 times (x 67B)
Class org.gradle.internal.time.TimeSource$1                                           : loaded 2 times (x 73B)
Class kotlin.jvm.internal.DefaultConstructorMarker                                    : loaded 2 times (x 67B)
Class org.gradle.api.specs.Spec                                                       : loaded 2 times (x 66B)
Class jdk.internal.jimage.ImageReader$SharedImageReader$LocationVisitor               : loaded 2 times (x 66B)
Class jdk.internal.jimage.decompressor.ResourceDecompressorRepository                 : loaded 2 times (x 67B)
Class sync_studio_tooling879_16s32j8633ykeoaln3rzgadm1                                : loaded 2 times (x 175B)
Class org.gradle.internal.time.Clock                                                  : loaded 2 times (x 66B)
Class jdk.internal.jimage.ImageReader$Directory                                       : loaded 2 times (x 80B)
Class kotlin.collections.AbstractList                                                 : loaded 2 times (x 193B)
Class kotlin.collections.AbstractCollection                                           : loaded 2 times (x 113B)
Class org.gradle.internal.classloader.VisitableURLClassLoader$InstrumentingVisitableURLClassLoader: loaded 2 times (x 119B)
Class org.gradle.internal.classloader.VisitableURLClassLoader$Spec                    : loaded 2 times (x 70B)
Class org.gradle.internal.classpath.DefaultClassPath                                  : loaded 2 times (x 86B)
Class jdk.internal.jimage.decompressor.ZipDecompressorFactory                         : loaded 2 times (x 70B)
Class org.gradle.internal.classloader.ClassLoaderSpec                                 : loaded 2 times (x 67B)
Class Settings_gradle$1$1                                                             : loaded 2 times (x 70B)
Class kotlin.Unit                                                                     : loaded 2 times (x 67B)
Class org.gradle.internal.classloader.VisitableURLClassLoader                         : loaded 2 times (x 113B)
Class Settings_gradle                                                                 : loaded 2 times (x 124B)
Class org.gradle.internal.Cast                                                        : loaded 2 times (x 67B)
Class org.gradle.api.Action                                                           : loaded 2 times (x 66B)
Class jdk.internal.jimage.decompressor.ZipDecompressor                                : loaded 2 times (x 71B)
Class kotlin.jvm.functions.Function1                                                  : loaded 2 times (x 66B)
Class org.gradle.internal.classpath.DefaultClassPath$ImmutableUniqueList$Builder      : loaded 2 times (x 71B)
Class org.jetbrains.kotlin.idea.gradleTooling.model.samWithReceiver.SamWithReceiverModel: loaded 2 times (x 66B)
Class kotlin.NotImplementedError                                                      : loaded 2 times (x 78B)
Class org.gradle.internal.exceptions.NonGradleCauseExceptionsHolder                   : loaded 2 times (x 66B)
Class jdk.internal.jimage.ImageStrings                                                : loaded 2 times (x 66B)
Class org.jetbrains.plugins.gradle.tooling.ModelBuilderService$Parameter              : loaded 2 times (x 66B)
Class org.jetbrains.kotlin.idea.gradleTooling.model.assignment.AssignmentModel        : loaded 2 times (x 66B)
Class kotlin.enums.EnumEntriesKt                                                      : loaded 2 times (x 67B)
Class org.gradle.internal.IoActions                                                   : loaded 2 times (x 67B)
Class org.gradle.internal.classloader.SystemClassLoaderSpec                           : loaded 2 times (x 67B)
Class org.gradle.internal.exceptions.MultiCauseException                              : loaded 2 times (x 66B)
Class org.gradle.internal.time.CountdownTimer                                         : loaded 2 times (x 66B)
Class kotlin.jvm.internal.Intrinsics                                                  : loaded 2 times (x 67B)
Class jdk.internal.jrtfs.JrtFileSystem                                                : loaded 2 times (x 98B)
Class org.jetbrains.kotlin.idea.gradleTooling.model.parcelize.ParcelizeGradleModel    : loaded 2 times (x 66B)
Class org.gradle.tooling.model.ProjectModel                                           : loaded 2 times (x 66B)
Class jdk.internal.jimage.decompressor.CompressedResourceHeader                       : loaded 2 times (x 67B)
Class kotlin.KotlinNullPointerException                                               : loaded 2 times (x 79B)
Class org.jetbrains.plugins.gradle.model.tests.ExternalTestsModel                     : loaded 2 times (x 66B)
Class org.gradle.internal.exceptions.DefaultMultiCauseException                       : loaded 2 times (x 91B)
Class org.gradle.internal.time.Time                                                   : loaded 2 times (x 67B)
Class org.jetbrains.plugins.gradle.model.DependencyAccessorsModel                     : loaded 2 times (x 66B)
Class org.gradle.api.internal.classpath.GlobalCacheRootsProvider                      : loaded 2 times (x 66B)
Class org.jetbrains.kotlin.idea.gradleTooling.KotlinMPPGradleModel                    : loaded 2 times (x 66B)
Class org.gradle.tooling.model.BuildIdentifier                                        : loaded 2 times (x 66B)
Class org.jetbrains.kotlin.idea.gradleTooling.PrepareKotlinIdeImportTaskModel         : loaded 2 times (x 66B)
Class org.gradle.internal.time.Timer                                                  : loaded 2 times (x 66B)
Class kotlin.jvm.internal.markers.KMappedMarker                                       : loaded 2 times (x 66B)
Class org.gradle.internal.installation.CurrentGradleInstallationLocator               : loaded 2 times (x 67B)
Class org.gradle.internal.service.DefaultServiceLocator                               : loaded 2 times (x 79B)
Class jdk.internal.jrtfs.JrtDirectoryStream                                           : loaded 2 times (x 85B)
Class org.gradle.util.GradleVersion                                                   : loaded 2 times (x 79B)
Class org.gradle.internal.installation.CurrentGradleInstallation                      : loaded 2 times (x 69B)
Class org.jetbrains.plugins.gradle.javaModel.JavaGradleManifestModel                  : loaded 2 times (x 66B)
Class org.gradle.util.internal.GUtil                                                  : loaded 2 times (x 67B)
Class org.gradle.internal.installation.GradleInstallation                             : loaded 2 times (x 71B)
Class jdk.internal.jimage.decompressor.ResourceDecompressor$StringsProvider           : loaded 2 times (x 66B)

---------------  S Y S T E M  ---------------

OS:
 Windows 11 , 64 bit Build 26100 (10.0.26100.4768)
OS uptime: 5 days 1:51 hours

CPU: total 8 (initial active 8) (4 cores per cpu, 2 threads per core) family 6 model 140 stepping 1 microcode 0xbc, cx8, cmov, fxsr, ht, mmx, 3dnowpref, sse, sse2, sse3, ssse3, sse4.1, sse4.2, popcnt, lzcnt, tsc, tscinvbit, avx, avx2, aes, erms, clmul, bmi1, bmi2, adx, avx512f, avx512dq, avx512cd, avx512bw, avx512vl, sha, fma, vzeroupper, avx512_vpopcntdq, avx512_vpclmulqdq, avx512_vaes, avx512_vnni, clflush, clflushopt, clwb, avx512_vbmi2, avx512_vbmi, rdtscp, rdpid, fsrm, gfni, avx512_bitalg, f16c, pku, cet_ibt, cet_ss, avx512_ifma
Processor Information for the first 8 processors :
  Max Mhz: 2611, Current Mhz: 2611, Mhz Limit: 2611

Memory: 4k page, system-wide physical 16112M (5724M free)
TotalPageFile size 20208M (AvailPageFile size 16M)
current process WorkingSet (physical memory assigned to process): 441M, peak: 441M
current process commit charge ("private bytes"): 471M, peak: 504M

vm_info: OpenJDK 64-Bit Server VM (21.0.6+-13355223-b631.42) for windows-amd64 JRE (21.0.6+-13355223-b631.42), built on 2025-04-14T18:21:23Z by "builder" with MS VC++ 16.10 / 16.11 (VS2019)

END.
